2024-05-14 14:24:51,191 INFO    StreamThr :926937 [internal.py:wandb_internal():86] W&B internal server running at pid: 926937, started at: 2024-05-14 14:24:51.189964
2024-05-14 14:24:51,193 DEBUG   HandlerThread:926937 [handler.py:handle_request():146] handle_request: status
2024-05-14 14:24:51,195 INFO    WriterThread:926937 [datastore.py:open_for_write():85] open: /nfs/datx/lyk/HiFT/wandb/run-20240514_142451-5r64bflt/run-5r64bflt.wandb
2024-05-14 14:24:51,197 DEBUG   SenderThread:926937 [sender.py:send():382] send: header
2024-05-14 14:24:51,198 DEBUG   SenderThread:926937 [sender.py:send():382] send: run
2024-05-14 14:24:51,565 INFO    SenderThread:926937 [dir_watcher.py:__init__():211] watching files in: /nfs/datx/lyk/HiFT/wandb/run-20240514_142451-5r64bflt/files
2024-05-14 14:24:51,565 INFO    SenderThread:926937 [sender.py:_start_run_threads():1136] run started: 5r64bflt with start time 1715689491.190225
2024-05-14 14:24:51,571 DEBUG   HandlerThread:926937 [handler.py:handle_request():146] handle_request: check_version
2024-05-14 14:24:51,571 DEBUG   SenderThread:926937 [sender.py:send_request():409] send_request: check_version
2024-05-14 14:24:51,723 DEBUG   HandlerThread:926937 [handler.py:handle_request():146] handle_request: run_start
2024-05-14 14:24:51,749 DEBUG   HandlerThread:926937 [system_info.py:__init__():32] System info init
2024-05-14 14:24:51,749 DEBUG   HandlerThread:926937 [system_info.py:__init__():47] System info init done
2024-05-14 14:24:51,749 INFO    HandlerThread:926937 [system_monitor.py:start():194] Starting system monitor
2024-05-14 14:24:51,750 INFO    SystemMonitor:926937 [system_monitor.py:_start():158] Starting system asset monitoring threads
2024-05-14 14:24:51,751 INFO    HandlerThread:926937 [system_monitor.py:probe():214] Collecting system info
2024-05-14 14:24:51,752 INFO    SystemMonitor:926937 [interfaces.py:start():190] Started cpu monitoring
2024-05-14 14:24:51,752 INFO    SystemMonitor:926937 [interfaces.py:start():190] Started disk monitoring
2024-05-14 14:24:51,754 INFO    SystemMonitor:926937 [interfaces.py:start():190] Started gpu monitoring
2024-05-14 14:24:51,754 INFO    SystemMonitor:926937 [interfaces.py:start():190] Started memory monitoring
2024-05-14 14:24:51,755 INFO    SystemMonitor:926937 [interfaces.py:start():190] Started network monitoring
2024-05-14 14:24:51,818 DEBUG   HandlerThread:926937 [system_info.py:probe():196] Probing system
2024-05-14 14:24:51,826 DEBUG   HandlerThread:926937 [gitlib.py:_init_repo():56] git repository is invalid
2024-05-14 14:24:51,827 DEBUG   HandlerThread:926937 [system_info.py:probe():244] Probing system done
2024-05-14 14:24:51,827 DEBUG   HandlerThread:926937 [system_monitor.py:probe():223] {'os': 'Linux-5.15.0-91-generic-x86_64-with-glibc2.10', 'python': '3.8.5', 'heartbeatAt': '2024-05-14T12:24:51.818865', 'startedAt': '2024-05-14T12:24:51.181360', 'docker': None, 'cuda': None, 'args': ('--model_type', 'llama', '--HiTaskType', 'CAUSAL_LM', '--optim', 'adamw_torch', '--deepspeed', 'dsconfig/zero0_config.json', '--model_name_or_path', '/mounts/work/lyk/hierFT/llama2-7b', '--dataset_dir', 'alpaca_data', '--validation_split_percentage', '0.01', '--per_device_train_batch_size', '8', '--per_device_eval_batch_size', '8', '--do_train', '--do_eval', '--seed', '12345', '--fp16', '--tf32', 'true', '--num_train_epochs', '1', '--lr_scheduler_type', 'cosine', '--learning_rate', '2e-5', '--warmup_ratio', '0.03', '--weight_decay', '0.0', '--logging_strategy', 'steps', '--logging_steps', '10', '--save_strategy', 'steps', '--save_total_limit', '3', '--evaluation_strategy', 'steps', '--eval_steps', '100', '--save_steps', '200', '--preprocessing_num_workers', '4', '--max_seq_length', '512', '--output_dir', 'outputs/instruct_tuning/model', '--overwrite_output_dir', '--logging_first_step', 'True', '--torch_dtype', 'float16', '--ddp_find_unused_parameters', 'False', '--load_best_model_at_end', '--hier_tuning', '--group_element', '1', '--optimizer_strategy', 'down2up'), 'state': 'running', 'program': 'examples/instruct_tuning.py', 'codePathLocal': 'examples/instruct_tuning.py', 'codePath': 'examples/instruct_tuning.py', 'host': 'rho1', 'username': 'yongkang', 'executable': '/mounts/work/lyk/anaconda3/envs/torch2/bin/python', 'cpu_count': 32, 'cpu_count_logical': 64, 'cpu_freq': {'current': 1899.404328125, 'min': 1500.0, 'max': 3000.0}, 'cpu_freq_per_core': [{'current': 1499.537, 'min': 1500.0, 'max': 3000.0}, {'current': 1500.0, 'min': 1500.0, 'max': 3000.0}, {'current': 3000.0, 'min': 1500.0, 'max': 3000.0}, {'current': 1500.0, 'min': 1500.0, 'max': 3000.0}, {'current': 3000.0, 'min': 1500.0, 'max': 3000.0}, {'current': 3000.0, 'min': 1500.0, 'max': 3000.0}, {'current': 1500.0, 'min': 1500.0, 'max': 3000.0}, {'current': 1500.0, 'min': 1500.0, 'max': 3000.0}, {'current': 3000.0, 'min': 1500.0, 'max': 3000.0}, {'current': 1500.0, 'min': 1500.0, 'max': 3000.0}, {'current': 1500.0, 'min': 1500.0, 'max': 3000.0}, {'current': 1500.0, 'min': 1500.0, 'max': 3000.0}, {'current': 3723.295, 'min': 1500.0, 'max': 3000.0}, {'current': 1500.0, 'min': 1500.0, 'max': 3000.0}, {'current': 1500.0, 'min': 1500.0, 'max': 3000.0}, {'current': 1500.0, 'min': 1500.0, 'max': 3000.0}, {'current': 1500.0, 'min': 1500.0, 'max': 3000.0}, {'current': 1500.0, 'min': 1500.0, 'max': 3000.0}, {'current': 1500.0, 'min': 1500.0, 'max': 3000.0}, {'current': 1500.0, 'min': 1500.0, 'max': 3000.0}, {'current': 1500.0, 'min': 1500.0, 'max': 3000.0}, {'current': 1500.0, 'min': 1500.0, 'max': 3000.0}, {'current': 1500.0, 'min': 1500.0, 'max': 3000.0}, {'current': 3000.0, 'min': 1500.0, 'max': 3000.0}, {'current': 1500.0, 'min': 1500.0, 'max': 3000.0}, {'current': 1500.0, 'min': 1500.0, 'max': 3000.0}, {'current': 1500.0, 'min': 1500.0, 'max': 3000.0}, {'current': 3120.252, 'min': 1500.0, 'max': 3000.0}, {'current': 3686.923, 'min': 1500.0, 'max': 3000.0}, {'current': 1500.0, 'min': 1500.0, 'max': 3000.0}, {'current': 1500.0, 'min': 1500.0, 'max': 3000.0}, {'current': 1500.0, 'min': 1500.0, 'max': 3000.0}, {'current': 1500.0, 'min': 1500.0, 'max': 3000.0}, {'current': 1500.0, 'min': 1500.0, 'max': 3000.0}, {'current': 1500.0, 'min': 1500.0, 'max': 3000.0}, {'current': 1500.0, 'min': 1500.0, 'max': 3000.0}, {'current': 1500.0, 'min': 1500.0, 'max': 3000.0}, {'current': 1500.0, 'min': 1500.0, 'max': 3000.0}, {'current': 1500.0, 'min': 1500.0, 'max': 3000.0}, {'current': 3000.0, 'min': 1500.0, 'max': 3000.0}, {'current': 1500.0, 'min': 1500.0, 'max': 3000.0}, {'current': 1500.0, 'min': 1500.0, 'max': 3000.0}, {'current': 2973.407, 'min': 1500.0, 'max': 3000.0}, {'current': 3000.0, 'min': 1500.0, 'max': 3000.0}, {'current': 1500.0, 'min': 1500.0, 'max': 3000.0}, {'current': 1500.0, 'min': 1500.0, 'max': 3000.0}, {'current': 1500.0, 'min': 1500.0, 'max': 3000.0}, {'current': 1500.0, 'min': 1500.0, 'max': 3000.0}, {'current': 2875.517, 'min': 1500.0, 'max': 3000.0}, {'current': 3687.188, 'min': 1500.0, 'max': 3000.0}, {'current': 3202.93, 'min': 1500.0, 'max': 3000.0}, {'current': 3000.0, 'min': 1500.0, 'max': 3000.0}, {'current': 1500.0, 'min': 1500.0, 'max': 3000.0}, {'current': 3307.49, 'min': 1500.0, 'max': 3000.0}, {'current': 1500.0, 'min': 1500.0, 'max': 3000.0}, {'current': 1500.0, 'min': 1500.0, 'max': 3000.0}, {'current': 3000.0, 'min': 1500.0, 'max': 3000.0}, {'current': 3688.778, 'min': 1500.0, 'max': 3000.0}, {'current': 1500.0, 'min': 1500.0, 'max': 3000.0}, {'current': 1500.0, 'min': 1500.0, 'max': 3000.0}, {'current': 1500.0, 'min': 1500.0, 'max': 3000.0}, {'current': 1500.0, 'min': 1500.0, 'max': 3000.0}, {'current': 3000.0, 'min': 1500.0, 'max': 3000.0}, {'current': 1500.0, 'min': 1500.0, 'max': 3000.0}], 'disk': {'/': {'total': 878.1072120666504, 'used': 583.3513717651367}}, 'gpu': 'NVIDIA RTX A6000', 'gpu_count': 8, 'gpu_devices': [{'name': 'NVIDIA RTX A6000', 'memory_total': 51527024640}, {'name': 'NVIDIA RTX A6000', 'memory_total': 51527024640}, {'name': 'NVIDIA RTX A6000', 'memory_total': 51527024640}, {'name': 'NVIDIA RTX A6000', 'memory_total': 51527024640}, {'name': 'NVIDIA RTX A6000', 'memory_total': 51527024640}, {'name': 'NVIDIA RTX A6000', 'memory_total': 51527024640}, {'name': 'NVIDIA RTX A6000', 'memory_total': 51527024640}, {'name': 'NVIDIA RTX A6000', 'memory_total': 51527024640}], 'memory': {'total': 251.73123168945312}}
2024-05-14 14:24:51,827 INFO    HandlerThread:926937 [system_monitor.py:probe():224] Finished collecting system info
2024-05-14 14:24:51,827 INFO    HandlerThread:926937 [system_monitor.py:probe():227] Publishing system info
2024-05-14 14:24:51,827 DEBUG   HandlerThread:926937 [system_info.py:_save_pip():52] Saving list of pip packages installed into the current environment
2024-05-14 14:24:51,846 DEBUG   HandlerThread:926937 [system_info.py:_save_pip():68] Saving pip packages done
2024-05-14 14:24:51,847 DEBUG   HandlerThread:926937 [system_info.py:_save_conda():75] Saving list of conda packages installed into the current environment
2024-05-14 14:24:52,569 INFO    Thread-12 :926937 [dir_watcher.py:_on_file_created():271] file/dir created: /nfs/datx/lyk/HiFT/wandb/run-20240514_142451-5r64bflt/files/conda-environment.yaml
2024-05-14 14:24:52,569 INFO    Thread-12 :926937 [dir_watcher.py:_on_file_created():271] file/dir created: /nfs/datx/lyk/HiFT/wandb/run-20240514_142451-5r64bflt/files/requirements.txt
2024-05-14 14:24:55,410 DEBUG   HandlerThread:926937 [system_info.py:_save_conda():87] Saving conda packages done
2024-05-14 14:24:55,414 INFO    HandlerThread:926937 [system_monitor.py:probe():229] Finished publishing system info
2024-05-14 14:24:55,430 DEBUG   SenderThread:926937 [sender.py:send():382] send: files
2024-05-14 14:24:55,430 INFO    SenderThread:926937 [sender.py:_save_file():1392] saving file wandb-metadata.json with policy now
2024-05-14 14:24:55,441 DEBUG   SenderThread:926937 [sender.py:send():382] send: telemetry
2024-05-14 14:24:55,483 DEBUG   HandlerThread:926937 [handler.py:handle_request():146] handle_request: stop_status
2024-05-14 14:24:55,483 DEBUG   HandlerThread:926937 [handler.py:handle_request():146] handle_request: internal_messages
2024-05-14 14:24:55,484 DEBUG   SenderThread:926937 [sender.py:send_request():409] send_request: stop_status
2024-05-14 14:24:55,569 INFO    Thread-12 :926937 [dir_watcher.py:_on_file_modified():288] file/dir modified: /nfs/datx/lyk/HiFT/wandb/run-20240514_142451-5r64bflt/files/conda-environment.yaml
2024-05-14 14:24:55,570 INFO    Thread-12 :926937 [dir_watcher.py:_on_file_created():271] file/dir created: /nfs/datx/lyk/HiFT/wandb/run-20240514_142451-5r64bflt/files/wandb-metadata.json
2024-05-14 14:24:55,743 DEBUG   SenderThread:926937 [sender.py:send():382] send: config
2024-05-14 14:24:55,744 DEBUG   SenderThread:926937 [sender.py:send():382] send: metric
2024-05-14 14:24:55,744 DEBUG   SenderThread:926937 [sender.py:send():382] send: telemetry
2024-05-14 14:24:55,745 DEBUG   SenderThread:926937 [sender.py:send():382] send: metric
2024-05-14 14:24:55,745 WARNING SenderThread:926937 [sender.py:send_metric():1343] Seen metric with glob (shouldn't happen)
2024-05-14 14:24:55,745 DEBUG   SenderThread:926937 [sender.py:send():382] send: telemetry
2024-05-14 14:24:55,863 ERROR   wandb-upload_0:926937 [internal_api.py:upload_file():2761] upload_file exception https://storage.googleapis.com/wandb-production.appspot.com/neuzxm/huggingface/5r64bflt/wandb-metadata.json?Expires=1715775895&GoogleAccessId=gorilla-files-url-signer-man%40wandb-production.iam.gserviceaccount.com&Signature=EyJRMUwo166g7bj4KNisRuA8C3H%2FN0MtowwUoetzsrN0D%2FDegP75liTu7BRs%2FuszC5Mizo%2BHwF12wWIF2QKoOw%2F38Cqx7FF%2BY4ppqtd48V2oDDznsPg8v5w0HLc47gRAC0swFqJbfEZNZ2x8H%2Bmx8d8h706GNPw2E%2FUIuvf0tIMdbSkEWnG4qbzL2Xqv%2FxHkTptvn%2B5kjT15%2FFU9G5zURPOpWot1E%2FOexdvuaH6LJiMI3qYw%2BPpuFPF5B7RXYKA56MKOgsCA%2FOBzrLGmmkb4tpkPgN433%2BeyfVU1msj5yzKcb7aGWlJC7iy91%2F3FuZCbJG8knzHqt4c7L884WqnXWg%3D%3D: 403 Client Error: Forbidden for url: https://storage.googleapis.com/wandb-production.appspot.com/neuzxm/huggingface/5r64bflt/wandb-metadata.json?Expires=1715775895&GoogleAccessId=gorilla-files-url-signer-man%40wandb-production.iam.gserviceaccount.com&Signature=EyJRMUwo166g7bj4KNisRuA8C3H%2FN0MtowwUoetzsrN0D%2FDegP75liTu7BRs%2FuszC5Mizo%2BHwF12wWIF2QKoOw%2F38Cqx7FF%2BY4ppqtd48V2oDDznsPg8v5w0HLc47gRAC0swFqJbfEZNZ2x8H%2Bmx8d8h706GNPw2E%2FUIuvf0tIMdbSkEWnG4qbzL2Xqv%2FxHkTptvn%2B5kjT15%2FFU9G5zURPOpWot1E%2FOexdvuaH6LJiMI3qYw%2BPpuFPF5B7RXYKA56MKOgsCA%2FOBzrLGmmkb4tpkPgN433%2BeyfVU1msj5yzKcb7aGWlJC7iy91%2F3FuZCbJG8knzHqt4c7L884WqnXWg%3D%3D
2024-05-14 14:24:55,864 ERROR   wandb-upload_0:926937 [internal_api.py:upload_file():2763] upload_file request headers: {'User-Agent': 'python-requests/2.31.0', 'Accept-Encoding': 'gzip, deflate, br', 'Accept': '*/*', 'Connection': 'keep-alive', 'Content-Length': '10146'}
2024-05-14 14:24:55,864 ERROR   wandb-upload_0:926937 [internal_api.py:upload_file():2765] upload_file response body: b"<?xml version='1.0' encoding='UTF-8'?><Error><Code>AccessDenied</Code><Message>Access denied.</Message><Details>We're sorry, but this service is not available in your location</Details></Error>"
2024-05-14 14:24:55,925 ERROR   wandb-upload_0:926937 [upload_job.py:push():134] Failed to upload file: /tmp/tmpqz3fpzzqwandb/hprbqz0u-wandb-metadata.json
Traceback (most recent call last):
  File "/mounts/work/lyk/anaconda3/envs/torch2/lib/python3.8/site-packages/wandb/apis/normalize.py", line 41, in wrapper
    return func(*args, **kwargs)
  File "/mounts/work/lyk/anaconda3/envs/torch2/lib/python3.8/site-packages/wandb/sdk/lib/retry.py", line 212, in wrapped_fn
    return retrier(*args, **kargs)
  File "/mounts/work/lyk/anaconda3/envs/torch2/lib/python3.8/site-packages/wandb/sdk/lib/retry.py", line 131, in __call__
    result = self._call_fn(*args, **kwargs)
  File "/mounts/work/lyk/anaconda3/envs/torch2/lib/python3.8/site-packages/wandb/sdk/internal/internal_api.py", line 2787, in upload_file
    wandb._sentry.reraise(e)
  File "/mounts/work/lyk/anaconda3/envs/torch2/lib/python3.8/site-packages/wandb/analytics/sentry.py", line 154, in reraise
    raise exc.with_traceback(sys.exc_info()[2])
  File "/mounts/work/lyk/anaconda3/envs/torch2/lib/python3.8/site-packages/wandb/sdk/internal/internal_api.py", line 2759, in upload_file
    response.raise_for_status()
  File "/mounts/work/lyk/anaconda3/envs/torch2/lib/python3.8/site-packages/requests/models.py", line 1021, in raise_for_status
    raise HTTPError(http_error_msg, response=self)
requests.exceptions.HTTPError: 403 Client Error: Forbidden for url: https://storage.googleapis.com/wandb-production.appspot.com/neuzxm/huggingface/5r64bflt/wandb-metadata.json?Expires=1715775895&GoogleAccessId=gorilla-files-url-signer-man%40wandb-production.iam.gserviceaccount.com&Signature=EyJRMUwo166g7bj4KNisRuA8C3H%2FN0MtowwUoetzsrN0D%2FDegP75liTu7BRs%2FuszC5Mizo%2BHwF12wWIF2QKoOw%2F38Cqx7FF%2BY4ppqtd48V2oDDznsPg8v5w0HLc47gRAC0swFqJbfEZNZ2x8H%2Bmx8d8h706GNPw2E%2FUIuvf0tIMdbSkEWnG4qbzL2Xqv%2FxHkTptvn%2B5kjT15%2FFU9G5zURPOpWot1E%2FOexdvuaH6LJiMI3qYw%2BPpuFPF5B7RXYKA56MKOgsCA%2FOBzrLGmmkb4tpkPgN433%2BeyfVU1msj5yzKcb7aGWlJC7iy91%2F3FuZCbJG8knzHqt4c7L884WqnXWg%3D%3D

During handling of the above exception, another exception occurred:

Traceback (most recent call last):
  File "/mounts/work/lyk/anaconda3/envs/torch2/lib/python3.8/site-packages/wandb/filesync/upload_job.py", line 125, in push
    self._api.upload_file_retry(
  File "/mounts/work/lyk/anaconda3/envs/torch2/lib/python3.8/site-packages/wandb/apis/normalize.py", line 51, in wrapper
    raise CommError(message, error)
wandb.errors.CommError: <Response [403]>
2024-05-14 14:24:55,980 ERROR   Thread-11 :926937 [step_upload.py:_handle_event():200] Failed to upload file: /tmp/tmpqz3fpzzqwandb/hprbqz0u-wandb-metadata.json
Traceback (most recent call last):
  File "/mounts/work/lyk/anaconda3/envs/torch2/lib/python3.8/site-packages/wandb/apis/normalize.py", line 41, in wrapper
    return func(*args, **kwargs)
  File "/mounts/work/lyk/anaconda3/envs/torch2/lib/python3.8/site-packages/wandb/sdk/lib/retry.py", line 212, in wrapped_fn
    return retrier(*args, **kargs)
  File "/mounts/work/lyk/anaconda3/envs/torch2/lib/python3.8/site-packages/wandb/sdk/lib/retry.py", line 131, in __call__
    result = self._call_fn(*args, **kwargs)
  File "/mounts/work/lyk/anaconda3/envs/torch2/lib/python3.8/site-packages/wandb/sdk/internal/internal_api.py", line 2787, in upload_file
    wandb._sentry.reraise(e)
  File "/mounts/work/lyk/anaconda3/envs/torch2/lib/python3.8/site-packages/wandb/analytics/sentry.py", line 154, in reraise
    raise exc.with_traceback(sys.exc_info()[2])
  File "/mounts/work/lyk/anaconda3/envs/torch2/lib/python3.8/site-packages/wandb/sdk/internal/internal_api.py", line 2759, in upload_file
    response.raise_for_status()
  File "/mounts/work/lyk/anaconda3/envs/torch2/lib/python3.8/site-packages/requests/models.py", line 1021, in raise_for_status
    raise HTTPError(http_error_msg, response=self)
requests.exceptions.HTTPError: 403 Client Error: Forbidden for url: https://storage.googleapis.com/wandb-production.appspot.com/neuzxm/huggingface/5r64bflt/wandb-metadata.json?Expires=1715775895&GoogleAccessId=gorilla-files-url-signer-man%40wandb-production.iam.gserviceaccount.com&Signature=EyJRMUwo166g7bj4KNisRuA8C3H%2FN0MtowwUoetzsrN0D%2FDegP75liTu7BRs%2FuszC5Mizo%2BHwF12wWIF2QKoOw%2F38Cqx7FF%2BY4ppqtd48V2oDDznsPg8v5w0HLc47gRAC0swFqJbfEZNZ2x8H%2Bmx8d8h706GNPw2E%2FUIuvf0tIMdbSkEWnG4qbzL2Xqv%2FxHkTptvn%2B5kjT15%2FFU9G5zURPOpWot1E%2FOexdvuaH6LJiMI3qYw%2BPpuFPF5B7RXYKA56MKOgsCA%2FOBzrLGmmkb4tpkPgN433%2BeyfVU1msj5yzKcb7aGWlJC7iy91%2F3FuZCbJG8knzHqt4c7L884WqnXWg%3D%3D

During handling of the above exception, another exception occurred:

Traceback (most recent call last):
  File "/mounts/work/lyk/anaconda3/envs/torch2/lib/python3.8/concurrent/futures/thread.py", line 57, in run
    result = self.fn(*self.args, **self.kwargs)
  File "/mounts/work/lyk/anaconda3/envs/torch2/lib/python3.8/site-packages/wandb/filesync/step_upload.py", line 288, in run_and_notify
    self._do_upload_sync(event)
  File "/mounts/work/lyk/anaconda3/envs/torch2/lib/python3.8/site-packages/wandb/filesync/step_upload.py", line 330, in _do_upload_sync
    job.run()
  File "/mounts/work/lyk/anaconda3/envs/torch2/lib/python3.8/site-packages/wandb/filesync/upload_job.py", line 57, in run
    self.push()
  File "/mounts/work/lyk/anaconda3/envs/torch2/lib/python3.8/site-packages/wandb/filesync/upload_job.py", line 125, in push
    self._api.upload_file_retry(
  File "/mounts/work/lyk/anaconda3/envs/torch2/lib/python3.8/site-packages/wandb/apis/normalize.py", line 51, in wrapper
    raise CommError(message, error)
wandb.errors.CommError: <Response [403]>
2024-05-14 14:24:56,571 INFO    Thread-12 :926937 [dir_watcher.py:_on_file_created():271] file/dir created: /nfs/datx/lyk/HiFT/wandb/run-20240514_142451-5r64bflt/files/output.log
2024-05-14 14:24:56,734 DEBUG   HandlerThread:926937 [handler.py:handle_request():146] handle_request: status_report
2024-05-14 14:24:57,243 DEBUG   HandlerThread:926937 [handler.py:handle_request():146] handle_request: partial_history
2024-05-14 14:24:57,245 DEBUG   SenderThread:926937 [sender.py:send():382] send: metric
2024-05-14 14:24:57,245 DEBUG   SenderThread:926937 [sender.py:send():382] send: metric
2024-05-14 14:24:57,245 DEBUG   SenderThread:926937 [sender.py:send():382] send: metric
2024-05-14 14:24:57,245 DEBUG   SenderThread:926937 [sender.py:send():382] send: history
2024-05-14 14:24:57,246 DEBUG   SenderThread:926937 [sender.py:send_request():409] send_request: summary_record
2024-05-14 14:24:57,250 INFO    SenderThread:926937 [sender.py:_save_file():1392] saving file wandb-summary.json with policy end
2024-05-14 14:24:57,572 INFO    Thread-12 :926937 [dir_watcher.py:_on_file_created():271] file/dir created: /nfs/datx/lyk/HiFT/wandb/run-20240514_142451-5r64bflt/files/wandb-summary.json
2024-05-14 14:24:58,575 INFO    Thread-12 :926937 [dir_watcher.py:_on_file_modified():288] file/dir modified: /nfs/datx/lyk/HiFT/wandb/run-20240514_142451-5r64bflt/files/output.log
2024-05-14 14:24:59,576 INFO    Thread-12 :926937 [dir_watcher.py:_on_file_modified():288] file/dir modified: /nfs/datx/lyk/HiFT/wandb/run-20240514_142451-5r64bflt/files/output.log
2024-05-14 14:25:00,578 INFO    Thread-12 :926937 [dir_watcher.py:_on_file_modified():288] file/dir modified: /nfs/datx/lyk/HiFT/wandb/run-20240514_142451-5r64bflt/files/output.log
2024-05-14 14:25:01,580 INFO    Thread-12 :926937 [dir_watcher.py:_on_file_modified():288] file/dir modified: /nfs/datx/lyk/HiFT/wandb/run-20240514_142451-5r64bflt/files/output.log
2024-05-14 14:25:01,757 DEBUG   HandlerThread:926937 [handler.py:handle_request():146] handle_request: status_report
2024-05-14 14:25:02,581 INFO    Thread-12 :926937 [dir_watcher.py:_on_file_modified():288] file/dir modified: /nfs/datx/lyk/HiFT/wandb/run-20240514_142451-5r64bflt/files/output.log
2024-05-14 14:25:03,583 INFO    Thread-12 :926937 [dir_watcher.py:_on_file_modified():288] file/dir modified: /nfs/datx/lyk/HiFT/wandb/run-20240514_142451-5r64bflt/files/output.log
2024-05-14 14:25:04,584 INFO    Thread-12 :926937 [dir_watcher.py:_on_file_modified():288] file/dir modified: /nfs/datx/lyk/HiFT/wandb/run-20240514_142451-5r64bflt/files/output.log
2024-05-14 14:25:05,585 INFO    Thread-12 :926937 [dir_watcher.py:_on_file_modified():288] file/dir modified: /nfs/datx/lyk/HiFT/wandb/run-20240514_142451-5r64bflt/files/output.log
2024-05-14 14:25:06,587 INFO    Thread-12 :926937 [dir_watcher.py:_on_file_modified():288] file/dir modified: /nfs/datx/lyk/HiFT/wandb/run-20240514_142451-5r64bflt/files/output.log
2024-05-14 14:25:07,589 INFO    Thread-12 :926937 [dir_watcher.py:_on_file_modified():288] file/dir modified: /nfs/datx/lyk/HiFT/wandb/run-20240514_142451-5r64bflt/files/output.log
2024-05-14 14:25:07,708 DEBUG   HandlerThread:926937 [handler.py:handle_request():146] handle_request: status_report
2024-05-14 14:25:08,590 INFO    Thread-12 :926937 [dir_watcher.py:_on_file_modified():288] file/dir modified: /nfs/datx/lyk/HiFT/wandb/run-20240514_142451-5r64bflt/files/output.log
2024-05-14 14:25:09,591 INFO    Thread-12 :926937 [dir_watcher.py:_on_file_modified():288] file/dir modified: /nfs/datx/lyk/HiFT/wandb/run-20240514_142451-5r64bflt/files/output.log
2024-05-14 14:25:10,439 DEBUG   HandlerThread:926937 [handler.py:handle_request():146] handle_request: stop_status
2024-05-14 14:25:10,440 DEBUG   HandlerThread:926937 [handler.py:handle_request():146] handle_request: internal_messages
2024-05-14 14:25:10,441 DEBUG   SenderThread:926937 [sender.py:send_request():409] send_request: stop_status
2024-05-14 14:25:10,593 INFO    Thread-12 :926937 [dir_watcher.py:_on_file_modified():288] file/dir modified: /nfs/datx/lyk/HiFT/wandb/run-20240514_142451-5r64bflt/files/output.log
2024-05-14 14:25:11,594 INFO    Thread-12 :926937 [dir_watcher.py:_on_file_modified():288] file/dir modified: /nfs/datx/lyk/HiFT/wandb/run-20240514_142451-5r64bflt/files/output.log
2024-05-14 14:25:12,610 INFO    Thread-12 :926937 [dir_watcher.py:_on_file_modified():288] file/dir modified: /nfs/datx/lyk/HiFT/wandb/run-20240514_142451-5r64bflt/files/output.log
2024-05-14 14:25:13,306 DEBUG   HandlerThread:926937 [handler.py:handle_request():146] handle_request: status_report
2024-05-14 14:25:13,611 INFO    Thread-12 :926937 [dir_watcher.py:_on_file_modified():288] file/dir modified: /nfs/datx/lyk/HiFT/wandb/run-20240514_142451-5r64bflt/files/output.log
2024-05-14 14:25:13,979 DEBUG   HandlerThread:926937 [handler.py:handle_request():146] handle_request: partial_history
2024-05-14 14:25:13,980 DEBUG   SenderThread:926937 [sender.py:send():382] send: history
2024-05-14 14:25:13,981 DEBUG   SenderThread:926937 [sender.py:send_request():409] send_request: summary_record
2024-05-14 14:25:13,982 INFO    SenderThread:926937 [sender.py:_save_file():1392] saving file wandb-summary.json with policy end
2024-05-14 14:25:14,612 INFO    Thread-12 :926937 [dir_watcher.py:_on_file_modified():288] file/dir modified: /nfs/datx/lyk/HiFT/wandb/run-20240514_142451-5r64bflt/files/output.log
2024-05-14 14:25:14,612 INFO    Thread-12 :926937 [dir_watcher.py:_on_file_modified():288] file/dir modified: /nfs/datx/lyk/HiFT/wandb/run-20240514_142451-5r64bflt/files/wandb-summary.json
2024-05-14 14:25:15,613 INFO    Thread-12 :926937 [dir_watcher.py:_on_file_modified():288] file/dir modified: /nfs/datx/lyk/HiFT/wandb/run-20240514_142451-5r64bflt/files/output.log
2024-05-14 14:25:16,615 INFO    Thread-12 :926937 [dir_watcher.py:_on_file_modified():288] file/dir modified: /nfs/datx/lyk/HiFT/wandb/run-20240514_142451-5r64bflt/files/output.log
2024-05-14 14:25:17,616 INFO    Thread-12 :926937 [dir_watcher.py:_on_file_modified():288] file/dir modified: /nfs/datx/lyk/HiFT/wandb/run-20240514_142451-5r64bflt/files/output.log
2024-05-14 14:25:18,617 INFO    Thread-12 :926937 [dir_watcher.py:_on_file_modified():288] file/dir modified: /nfs/datx/lyk/HiFT/wandb/run-20240514_142451-5r64bflt/files/output.log
2024-05-14 14:25:19,165 DEBUG   HandlerThread:926937 [handler.py:handle_request():146] handle_request: status_report
2024-05-14 14:25:19,619 INFO    Thread-12 :926937 [dir_watcher.py:_on_file_modified():288] file/dir modified: /nfs/datx/lyk/HiFT/wandb/run-20240514_142451-5r64bflt/files/output.log
2024-05-14 14:25:20,620 INFO    Thread-12 :926937 [dir_watcher.py:_on_file_modified():288] file/dir modified: /nfs/datx/lyk/HiFT/wandb/run-20240514_142451-5r64bflt/files/output.log
2024-05-14 14:25:21,622 INFO    Thread-12 :926937 [dir_watcher.py:_on_file_modified():288] file/dir modified: /nfs/datx/lyk/HiFT/wandb/run-20240514_142451-5r64bflt/files/output.log
2024-05-14 14:25:22,623 INFO    Thread-12 :926937 [dir_watcher.py:_on_file_modified():288] file/dir modified: /nfs/datx/lyk/HiFT/wandb/run-20240514_142451-5r64bflt/files/output.log
2024-05-14 14:25:23,624 INFO    Thread-12 :926937 [dir_watcher.py:_on_file_modified():288] file/dir modified: /nfs/datx/lyk/HiFT/wandb/run-20240514_142451-5r64bflt/files/output.log
2024-05-14 14:25:24,524 DEBUG   HandlerThread:926937 [handler.py:handle_request():146] handle_request: status_report
2024-05-14 14:25:24,626 INFO    Thread-12 :926937 [dir_watcher.py:_on_file_modified():288] file/dir modified: /nfs/datx/lyk/HiFT/wandb/run-20240514_142451-5r64bflt/files/output.log
2024-05-14 14:25:25,439 DEBUG   HandlerThread:926937 [handler.py:handle_request():146] handle_request: stop_status
2024-05-14 14:25:25,440 DEBUG   HandlerThread:926937 [handler.py:handle_request():146] handle_request: internal_messages
2024-05-14 14:25:25,440 DEBUG   SenderThread:926937 [sender.py:send_request():409] send_request: stop_status
2024-05-14 14:25:25,627 INFO    Thread-12 :926937 [dir_watcher.py:_on_file_modified():288] file/dir modified: /nfs/datx/lyk/HiFT/wandb/run-20240514_142451-5r64bflt/files/output.log
2024-05-14 14:25:25,628 INFO    Thread-12 :926937 [dir_watcher.py:_on_file_modified():288] file/dir modified: /nfs/datx/lyk/HiFT/wandb/run-20240514_142451-5r64bflt/files/config.yaml
2024-05-14 14:25:26,629 INFO    Thread-12 :926937 [dir_watcher.py:_on_file_modified():288] file/dir modified: /nfs/datx/lyk/HiFT/wandb/run-20240514_142451-5r64bflt/files/output.log
2024-05-14 14:25:27,630 INFO    Thread-12 :926937 [dir_watcher.py:_on_file_modified():288] file/dir modified: /nfs/datx/lyk/HiFT/wandb/run-20240514_142451-5r64bflt/files/output.log
2024-05-14 14:25:28,631 INFO    Thread-12 :926937 [dir_watcher.py:_on_file_modified():288] file/dir modified: /nfs/datx/lyk/HiFT/wandb/run-20240514_142451-5r64bflt/files/output.log
2024-05-14 14:25:29,632 INFO    Thread-12 :926937 [dir_watcher.py:_on_file_modified():288] file/dir modified: /nfs/datx/lyk/HiFT/wandb/run-20240514_142451-5r64bflt/files/output.log
2024-05-14 14:25:29,789 DEBUG   HandlerThread:926937 [handler.py:handle_request():146] handle_request: status_report
2024-05-14 14:25:30,634 INFO    Thread-12 :926937 [dir_watcher.py:_on_file_modified():288] file/dir modified: /nfs/datx/lyk/HiFT/wandb/run-20240514_142451-5r64bflt/files/output.log
2024-05-14 14:25:31,635 INFO    Thread-12 :926937 [dir_watcher.py:_on_file_modified():288] file/dir modified: /nfs/datx/lyk/HiFT/wandb/run-20240514_142451-5r64bflt/files/output.log
2024-05-14 14:25:32,636 INFO    Thread-12 :926937 [dir_watcher.py:_on_file_modified():288] file/dir modified: /nfs/datx/lyk/HiFT/wandb/run-20240514_142451-5r64bflt/files/output.log
2024-05-14 14:25:33,637 INFO    Thread-12 :926937 [dir_watcher.py:_on_file_modified():288] file/dir modified: /nfs/datx/lyk/HiFT/wandb/run-20240514_142451-5r64bflt/files/output.log
2024-05-14 14:25:33,738 DEBUG   HandlerThread:926937 [handler.py:handle_request():146] handle_request: partial_history
2024-05-14 14:25:33,741 DEBUG   SenderThread:926937 [sender.py:send():382] send: history
2024-05-14 14:25:33,741 DEBUG   SenderThread:926937 [sender.py:send_request():409] send_request: summary_record
2024-05-14 14:25:33,743 INFO    SenderThread:926937 [sender.py:_save_file():1392] saving file wandb-summary.json with policy end
2024-05-14 14:25:34,638 INFO    Thread-12 :926937 [dir_watcher.py:_on_file_modified():288] file/dir modified: /nfs/datx/lyk/HiFT/wandb/run-20240514_142451-5r64bflt/files/output.log
2024-05-14 14:25:34,639 INFO    Thread-12 :926937 [dir_watcher.py:_on_file_modified():288] file/dir modified: /nfs/datx/lyk/HiFT/wandb/run-20240514_142451-5r64bflt/files/wandb-summary.json
2024-05-14 14:25:35,177 DEBUG   HandlerThread:926937 [handler.py:handle_request():146] handle_request: status_report
2024-05-14 14:25:35,640 INFO    Thread-12 :926937 [dir_watcher.py:_on_file_modified():288] file/dir modified: /nfs/datx/lyk/HiFT/wandb/run-20240514_142451-5r64bflt/files/output.log
2024-05-14 14:25:37,642 INFO    Thread-12 :926937 [dir_watcher.py:_on_file_modified():288] file/dir modified: /nfs/datx/lyk/HiFT/wandb/run-20240514_142451-5r64bflt/files/output.log
2024-05-14 14:25:38,643 INFO    Thread-12 :926937 [dir_watcher.py:_on_file_modified():288] file/dir modified: /nfs/datx/lyk/HiFT/wandb/run-20240514_142451-5r64bflt/files/output.log
2024-05-14 14:25:39,644 INFO    Thread-12 :926937 [dir_watcher.py:_on_file_modified():288] file/dir modified: /nfs/datx/lyk/HiFT/wandb/run-20240514_142451-5r64bflt/files/output.log
2024-05-14 14:25:40,439 DEBUG   HandlerThread:926937 [handler.py:handle_request():146] handle_request: stop_status
2024-05-14 14:25:40,440 DEBUG   HandlerThread:926937 [handler.py:handle_request():146] handle_request: internal_messages
2024-05-14 14:25:40,441 DEBUG   SenderThread:926937 [sender.py:send_request():409] send_request: stop_status
2024-05-14 14:25:40,645 INFO    Thread-12 :926937 [dir_watcher.py:_on_file_modified():288] file/dir modified: /nfs/datx/lyk/HiFT/wandb/run-20240514_142451-5r64bflt/files/output.log
2024-05-14 14:25:40,682 DEBUG   HandlerThread:926937 [handler.py:handle_request():146] handle_request: status_report
2024-05-14 14:25:41,646 INFO    Thread-12 :926937 [dir_watcher.py:_on_file_modified():288] file/dir modified: /nfs/datx/lyk/HiFT/wandb/run-20240514_142451-5r64bflt/files/output.log
2024-05-14 14:25:42,647 INFO    Thread-12 :926937 [dir_watcher.py:_on_file_modified():288] file/dir modified: /nfs/datx/lyk/HiFT/wandb/run-20240514_142451-5r64bflt/files/output.log
2024-05-14 14:25:43,649 INFO    Thread-12 :926937 [dir_watcher.py:_on_file_modified():288] file/dir modified: /nfs/datx/lyk/HiFT/wandb/run-20240514_142451-5r64bflt/files/output.log
2024-05-14 14:25:44,650 INFO    Thread-12 :926937 [dir_watcher.py:_on_file_modified():288] file/dir modified: /nfs/datx/lyk/HiFT/wandb/run-20240514_142451-5r64bflt/files/output.log
2024-05-14 14:25:45,652 INFO    Thread-12 :926937 [dir_watcher.py:_on_file_modified():288] file/dir modified: /nfs/datx/lyk/HiFT/wandb/run-20240514_142451-5r64bflt/files/output.log
2024-05-14 14:25:45,849 DEBUG   HandlerThread:926937 [handler.py:handle_request():146] handle_request: status_report
2024-05-14 14:25:46,653 INFO    Thread-12 :926937 [dir_watcher.py:_on_file_modified():288] file/dir modified: /nfs/datx/lyk/HiFT/wandb/run-20240514_142451-5r64bflt/files/output.log
2024-05-14 14:25:47,654 INFO    Thread-12 :926937 [dir_watcher.py:_on_file_modified():288] file/dir modified: /nfs/datx/lyk/HiFT/wandb/run-20240514_142451-5r64bflt/files/output.log
2024-05-14 14:25:48,655 INFO    Thread-12 :926937 [dir_watcher.py:_on_file_modified():288] file/dir modified: /nfs/datx/lyk/HiFT/wandb/run-20240514_142451-5r64bflt/files/output.log
2024-05-14 14:25:49,656 INFO    Thread-12 :926937 [dir_watcher.py:_on_file_modified():288] file/dir modified: /nfs/datx/lyk/HiFT/wandb/run-20240514_142451-5r64bflt/files/output.log
2024-05-14 14:25:50,657 INFO    Thread-12 :926937 [dir_watcher.py:_on_file_modified():288] file/dir modified: /nfs/datx/lyk/HiFT/wandb/run-20240514_142451-5r64bflt/files/output.log
2024-05-14 14:25:51,648 DEBUG   HandlerThread:926937 [handler.py:handle_request():146] handle_request: status_report
2024-05-14 14:25:51,659 INFO    Thread-12 :926937 [dir_watcher.py:_on_file_modified():288] file/dir modified: /nfs/datx/lyk/HiFT/wandb/run-20240514_142451-5r64bflt/files/output.log
2024-05-14 14:25:51,755 DEBUG   SystemMonitor:926937 [system_monitor.py:_start():172] Starting system metrics aggregation loop
2024-05-14 14:25:51,758 DEBUG   SenderThread:926937 [sender.py:send():382] send: stats
2024-05-14 14:25:52,660 INFO    Thread-12 :926937 [dir_watcher.py:_on_file_modified():288] file/dir modified: /nfs/datx/lyk/HiFT/wandb/run-20240514_142451-5r64bflt/files/output.log
2024-05-14 14:25:53,662 INFO    Thread-12 :926937 [dir_watcher.py:_on_file_modified():288] file/dir modified: /nfs/datx/lyk/HiFT/wandb/run-20240514_142451-5r64bflt/files/output.log
2024-05-14 14:25:54,554 DEBUG   HandlerThread:926937 [handler.py:handle_request():146] handle_request: partial_history
2024-05-14 14:25:54,556 DEBUG   SenderThread:926937 [sender.py:send():382] send: history
2024-05-14 14:25:54,556 DEBUG   SenderThread:926937 [sender.py:send_request():409] send_request: summary_record
2024-05-14 14:25:54,558 INFO    SenderThread:926937 [sender.py:_save_file():1392] saving file wandb-summary.json with policy end
2024-05-14 14:25:54,663 INFO    Thread-12 :926937 [dir_watcher.py:_on_file_modified():288] file/dir modified: /nfs/datx/lyk/HiFT/wandb/run-20240514_142451-5r64bflt/files/output.log
2024-05-14 14:25:54,664 INFO    Thread-12 :926937 [dir_watcher.py:_on_file_modified():288] file/dir modified: /nfs/datx/lyk/HiFT/wandb/run-20240514_142451-5r64bflt/files/wandb-summary.json
2024-05-14 14:25:55,439 DEBUG   HandlerThread:926937 [handler.py:handle_request():146] handle_request: stop_status
2024-05-14 14:25:55,440 DEBUG   SenderThread:926937 [sender.py:send_request():409] send_request: stop_status
2024-05-14 14:25:55,443 DEBUG   HandlerThread:926937 [handler.py:handle_request():146] handle_request: internal_messages
2024-05-14 14:25:55,665 INFO    Thread-12 :926937 [dir_watcher.py:_on_file_modified():288] file/dir modified: /nfs/datx/lyk/HiFT/wandb/run-20240514_142451-5r64bflt/files/output.log
2024-05-14 14:25:56,665 INFO    Thread-12 :926937 [dir_watcher.py:_on_file_modified():288] file/dir modified: /nfs/datx/lyk/HiFT/wandb/run-20240514_142451-5r64bflt/files/output.log
2024-05-14 14:25:56,686 DEBUG   HandlerThread:926937 [handler.py:handle_request():146] handle_request: status_report
2024-05-14 14:25:57,667 INFO    Thread-12 :926937 [dir_watcher.py:_on_file_modified():288] file/dir modified: /nfs/datx/lyk/HiFT/wandb/run-20240514_142451-5r64bflt/files/output.log
2024-05-14 14:25:58,668 INFO    Thread-12 :926937 [dir_watcher.py:_on_file_modified():288] file/dir modified: /nfs/datx/lyk/HiFT/wandb/run-20240514_142451-5r64bflt/files/output.log
2024-05-14 14:25:59,669 INFO    Thread-12 :926937 [dir_watcher.py:_on_file_modified():288] file/dir modified: /nfs/datx/lyk/HiFT/wandb/run-20240514_142451-5r64bflt/files/output.log
2024-05-14 14:26:00,670 INFO    Thread-12 :926937 [dir_watcher.py:_on_file_modified():288] file/dir modified: /nfs/datx/lyk/HiFT/wandb/run-20240514_142451-5r64bflt/files/output.log
2024-05-14 14:26:01,671 INFO    Thread-12 :926937 [dir_watcher.py:_on_file_modified():288] file/dir modified: /nfs/datx/lyk/HiFT/wandb/run-20240514_142451-5r64bflt/files/output.log
2024-05-14 14:26:01,736 DEBUG   HandlerThread:926937 [handler.py:handle_request():146] handle_request: status_report
2024-05-14 14:26:02,673 INFO    Thread-12 :926937 [dir_watcher.py:_on_file_modified():288] file/dir modified: /nfs/datx/lyk/HiFT/wandb/run-20240514_142451-5r64bflt/files/output.log
2024-05-14 14:26:03,675 INFO    Thread-12 :926937 [dir_watcher.py:_on_file_modified():288] file/dir modified: /nfs/datx/lyk/HiFT/wandb/run-20240514_142451-5r64bflt/files/output.log
2024-05-14 14:26:05,677 INFO    Thread-12 :926937 [dir_watcher.py:_on_file_modified():288] file/dir modified: /nfs/datx/lyk/HiFT/wandb/run-20240514_142451-5r64bflt/files/output.log
2024-05-14 14:26:06,678 INFO    Thread-12 :926937 [dir_watcher.py:_on_file_modified():288] file/dir modified: /nfs/datx/lyk/HiFT/wandb/run-20240514_142451-5r64bflt/files/output.log
2024-05-14 14:26:06,757 DEBUG   HandlerThread:926937 [handler.py:handle_request():146] handle_request: status_report
2024-05-14 14:26:07,680 INFO    Thread-12 :926937 [dir_watcher.py:_on_file_modified():288] file/dir modified: /nfs/datx/lyk/HiFT/wandb/run-20240514_142451-5r64bflt/files/output.log
2024-05-14 14:26:08,680 INFO    Thread-12 :926937 [dir_watcher.py:_on_file_modified():288] file/dir modified: /nfs/datx/lyk/HiFT/wandb/run-20240514_142451-5r64bflt/files/output.log
2024-05-14 14:26:10,440 DEBUG   HandlerThread:926937 [handler.py:handle_request():146] handle_request: stop_status
2024-05-14 14:26:10,441 DEBUG   HandlerThread:926937 [handler.py:handle_request():146] handle_request: internal_messages
2024-05-14 14:26:10,441 DEBUG   SenderThread:926937 [sender.py:send_request():409] send_request: stop_status
2024-05-14 14:26:10,683 INFO    Thread-12 :926937 [dir_watcher.py:_on_file_modified():288] file/dir modified: /nfs/datx/lyk/HiFT/wandb/run-20240514_142451-5r64bflt/files/output.log
2024-05-14 14:26:11,684 INFO    Thread-12 :926937 [dir_watcher.py:_on_file_modified():288] file/dir modified: /nfs/datx/lyk/HiFT/wandb/run-20240514_142451-5r64bflt/files/output.log
2024-05-14 14:26:12,417 DEBUG   HandlerThread:926937 [handler.py:handle_request():146] handle_request: status_report
2024-05-14 14:26:13,686 INFO    Thread-12 :926937 [dir_watcher.py:_on_file_modified():288] file/dir modified: /nfs/datx/lyk/HiFT/wandb/run-20240514_142451-5r64bflt/files/output.log
2024-05-14 14:26:14,688 INFO    Thread-12 :926937 [dir_watcher.py:_on_file_modified():288] file/dir modified: /nfs/datx/lyk/HiFT/wandb/run-20240514_142451-5r64bflt/files/output.log
2024-05-14 14:26:15,120 DEBUG   HandlerThread:926937 [handler.py:handle_request():146] handle_request: partial_history
2024-05-14 14:26:15,122 DEBUG   SenderThread:926937 [sender.py:send():382] send: history
2024-05-14 14:26:15,122 DEBUG   SenderThread:926937 [sender.py:send_request():409] send_request: summary_record
2024-05-14 14:26:15,123 INFO    SenderThread:926937 [sender.py:_save_file():1392] saving file wandb-summary.json with policy end
2024-05-14 14:26:15,689 INFO    Thread-12 :926937 [dir_watcher.py:_on_file_modified():288] file/dir modified: /nfs/datx/lyk/HiFT/wandb/run-20240514_142451-5r64bflt/files/output.log
2024-05-14 14:26:15,689 INFO    Thread-12 :926937 [dir_watcher.py:_on_file_modified():288] file/dir modified: /nfs/datx/lyk/HiFT/wandb/run-20240514_142451-5r64bflt/files/wandb-summary.json
2024-05-14 14:26:16,691 INFO    Thread-12 :926937 [dir_watcher.py:_on_file_modified():288] file/dir modified: /nfs/datx/lyk/HiFT/wandb/run-20240514_142451-5r64bflt/files/output.log
2024-05-14 14:26:17,524 DEBUG   HandlerThread:926937 [handler.py:handle_request():146] handle_request: status_report
2024-05-14 14:26:17,692 INFO    Thread-12 :926937 [dir_watcher.py:_on_file_modified():288] file/dir modified: /nfs/datx/lyk/HiFT/wandb/run-20240514_142451-5r64bflt/files/output.log
2024-05-14 14:26:18,693 INFO    Thread-12 :926937 [dir_watcher.py:_on_file_modified():288] file/dir modified: /nfs/datx/lyk/HiFT/wandb/run-20240514_142451-5r64bflt/files/output.log
2024-05-14 14:26:19,695 INFO    Thread-12 :926937 [dir_watcher.py:_on_file_modified():288] file/dir modified: /nfs/datx/lyk/HiFT/wandb/run-20240514_142451-5r64bflt/files/output.log
2024-05-14 14:26:21,697 INFO    Thread-12 :926937 [dir_watcher.py:_on_file_modified():288] file/dir modified: /nfs/datx/lyk/HiFT/wandb/run-20240514_142451-5r64bflt/files/output.log
2024-05-14 14:26:21,760 DEBUG   SenderThread:926937 [sender.py:send():382] send: stats
2024-05-14 14:26:22,698 INFO    Thread-12 :926937 [dir_watcher.py:_on_file_modified():288] file/dir modified: /nfs/datx/lyk/HiFT/wandb/run-20240514_142451-5r64bflt/files/output.log
2024-05-14 14:26:22,761 DEBUG   HandlerThread:926937 [handler.py:handle_request():146] handle_request: status_report
2024-05-14 14:26:25,441 DEBUG   HandlerThread:926937 [handler.py:handle_request():146] handle_request: stop_status
2024-05-14 14:26:25,442 DEBUG   SenderThread:926937 [sender.py:send_request():409] send_request: stop_status
2024-05-14 14:26:25,444 DEBUG   HandlerThread:926937 [handler.py:handle_request():146] handle_request: internal_messages
2024-05-14 14:26:25,702 INFO    Thread-12 :926937 [dir_watcher.py:_on_file_modified():288] file/dir modified: /nfs/datx/lyk/HiFT/wandb/run-20240514_142451-5r64bflt/files/output.log
2024-05-14 14:26:26,703 INFO    Thread-12 :926937 [dir_watcher.py:_on_file_modified():288] file/dir modified: /nfs/datx/lyk/HiFT/wandb/run-20240514_142451-5r64bflt/files/output.log
2024-05-14 14:26:27,704 INFO    Thread-12 :926937 [dir_watcher.py:_on_file_modified():288] file/dir modified: /nfs/datx/lyk/HiFT/wandb/run-20240514_142451-5r64bflt/files/output.log
2024-05-14 14:26:27,784 DEBUG   HandlerThread:926937 [handler.py:handle_request():146] handle_request: status_report
2024-05-14 14:26:28,705 INFO    Thread-12 :926937 [dir_watcher.py:_on_file_modified():288] file/dir modified: /nfs/datx/lyk/HiFT/wandb/run-20240514_142451-5r64bflt/files/output.log
2024-05-14 14:26:29,707 INFO    Thread-12 :926937 [dir_watcher.py:_on_file_modified():288] file/dir modified: /nfs/datx/lyk/HiFT/wandb/run-20240514_142451-5r64bflt/files/output.log
2024-05-14 14:26:30,708 INFO    Thread-12 :926937 [dir_watcher.py:_on_file_modified():288] file/dir modified: /nfs/datx/lyk/HiFT/wandb/run-20240514_142451-5r64bflt/files/output.log
2024-05-14 14:26:33,080 DEBUG   HandlerThread:926937 [handler.py:handle_request():146] handle_request: status_report
2024-05-14 14:26:33,712 INFO    Thread-12 :926937 [dir_watcher.py:_on_file_modified():288] file/dir modified: /nfs/datx/lyk/HiFT/wandb/run-20240514_142451-5r64bflt/files/output.log
2024-05-14 14:26:34,713 INFO    Thread-12 :926937 [dir_watcher.py:_on_file_modified():288] file/dir modified: /nfs/datx/lyk/HiFT/wandb/run-20240514_142451-5r64bflt/files/output.log
2024-05-14 14:26:35,715 INFO    Thread-12 :926937 [dir_watcher.py:_on_file_modified():288] file/dir modified: /nfs/datx/lyk/HiFT/wandb/run-20240514_142451-5r64bflt/files/output.log
2024-05-14 14:26:36,716 INFO    Thread-12 :926937 [dir_watcher.py:_on_file_modified():288] file/dir modified: /nfs/datx/lyk/HiFT/wandb/run-20240514_142451-5r64bflt/files/output.log
2024-05-14 14:26:37,718 INFO    Thread-12 :926937 [dir_watcher.py:_on_file_modified():288] file/dir modified: /nfs/datx/lyk/HiFT/wandb/run-20240514_142451-5r64bflt/files/output.log
2024-05-14 14:26:38,719 INFO    Thread-12 :926937 [dir_watcher.py:_on_file_modified():288] file/dir modified: /nfs/datx/lyk/HiFT/wandb/run-20240514_142451-5r64bflt/files/output.log
2024-05-14 14:26:38,971 DEBUG   HandlerThread:926937 [handler.py:handle_request():146] handle_request: status_report
2024-05-14 14:26:39,720 INFO    Thread-12 :926937 [dir_watcher.py:_on_file_modified():288] file/dir modified: /nfs/datx/lyk/HiFT/wandb/run-20240514_142451-5r64bflt/files/output.log
2024-05-14 14:26:40,440 DEBUG   HandlerThread:926937 [handler.py:handle_request():146] handle_request: stop_status
2024-05-14 14:26:40,441 DEBUG   SenderThread:926937 [sender.py:send_request():409] send_request: stop_status
2024-05-14 14:26:40,443 DEBUG   HandlerThread:926937 [handler.py:handle_request():146] handle_request: internal_messages
2024-05-14 14:26:40,722 INFO    Thread-12 :926937 [dir_watcher.py:_on_file_modified():288] file/dir modified: /nfs/datx/lyk/HiFT/wandb/run-20240514_142451-5r64bflt/files/output.log
2024-05-14 14:26:41,469 DEBUG   HandlerThread:926937 [handler.py:handle_request():146] handle_request: partial_history
2024-05-14 14:26:41,471 DEBUG   SenderThread:926937 [sender.py:send():382] send: history
2024-05-14 14:26:41,472 DEBUG   SenderThread:926937 [sender.py:send_request():409] send_request: summary_record
2024-05-14 14:26:41,473 INFO    SenderThread:926937 [sender.py:_save_file():1392] saving file wandb-summary.json with policy end
2024-05-14 14:26:41,723 INFO    Thread-12 :926937 [dir_watcher.py:_on_file_modified():288] file/dir modified: /nfs/datx/lyk/HiFT/wandb/run-20240514_142451-5r64bflt/files/output.log
2024-05-14 14:26:41,723 INFO    Thread-12 :926937 [dir_watcher.py:_on_file_modified():288] file/dir modified: /nfs/datx/lyk/HiFT/wandb/run-20240514_142451-5r64bflt/files/wandb-summary.json
2024-05-14 14:26:42,724 INFO    Thread-12 :926937 [dir_watcher.py:_on_file_modified():288] file/dir modified: /nfs/datx/lyk/HiFT/wandb/run-20240514_142451-5r64bflt/files/output.log
2024-05-14 14:26:43,726 INFO    Thread-12 :926937 [dir_watcher.py:_on_file_modified():288] file/dir modified: /nfs/datx/lyk/HiFT/wandb/run-20240514_142451-5r64bflt/files/output.log
2024-05-14 14:26:44,727 INFO    Thread-12 :926937 [dir_watcher.py:_on_file_modified():288] file/dir modified: /nfs/datx/lyk/HiFT/wandb/run-20240514_142451-5r64bflt/files/output.log
2024-05-14 14:26:44,729 DEBUG   HandlerThread:926937 [handler.py:handle_request():146] handle_request: status_report
2024-05-14 14:26:45,729 INFO    Thread-12 :926937 [dir_watcher.py:_on_file_modified():288] file/dir modified: /nfs/datx/lyk/HiFT/wandb/run-20240514_142451-5r64bflt/files/output.log
2024-05-14 14:26:47,732 INFO    Thread-12 :926937 [dir_watcher.py:_on_file_modified():288] file/dir modified: /nfs/datx/lyk/HiFT/wandb/run-20240514_142451-5r64bflt/files/output.log
2024-05-14 14:26:48,733 INFO    Thread-12 :926937 [dir_watcher.py:_on_file_modified():288] file/dir modified: /nfs/datx/lyk/HiFT/wandb/run-20240514_142451-5r64bflt/files/output.log
2024-05-14 14:26:49,735 INFO    Thread-12 :926937 [dir_watcher.py:_on_file_modified():288] file/dir modified: /nfs/datx/lyk/HiFT/wandb/run-20240514_142451-5r64bflt/files/output.log
2024-05-14 14:26:50,632 DEBUG   HandlerThread:926937 [handler.py:handle_request():146] handle_request: status_report
2024-05-14 14:26:50,736 INFO    Thread-12 :926937 [dir_watcher.py:_on_file_modified():288] file/dir modified: /nfs/datx/lyk/HiFT/wandb/run-20240514_142451-5r64bflt/files/output.log
2024-05-14 14:26:51,738 INFO    Thread-12 :926937 [dir_watcher.py:_on_file_modified():288] file/dir modified: /nfs/datx/lyk/HiFT/wandb/run-20240514_142451-5r64bflt/files/output.log
2024-05-14 14:26:51,763 DEBUG   SenderThread:926937 [sender.py:send():382] send: stats
2024-05-14 14:26:52,739 INFO    Thread-12 :926937 [dir_watcher.py:_on_file_modified():288] file/dir modified: /nfs/datx/lyk/HiFT/wandb/run-20240514_142451-5r64bflt/files/output.log
2024-05-14 14:26:53,741 INFO    Thread-12 :926937 [dir_watcher.py:_on_file_modified():288] file/dir modified: /nfs/datx/lyk/HiFT/wandb/run-20240514_142451-5r64bflt/files/output.log
2024-05-14 14:26:54,743 INFO    Thread-12 :926937 [dir_watcher.py:_on_file_modified():288] file/dir modified: /nfs/datx/lyk/HiFT/wandb/run-20240514_142451-5r64bflt/files/output.log
2024-05-14 14:26:55,440 DEBUG   HandlerThread:926937 [handler.py:handle_request():146] handle_request: stop_status
2024-05-14 14:26:55,441 DEBUG   HandlerThread:926937 [handler.py:handle_request():146] handle_request: internal_messages
2024-05-14 14:26:55,442 DEBUG   SenderThread:926937 [sender.py:send_request():409] send_request: stop_status
2024-05-14 14:26:55,672 DEBUG   HandlerThread:926937 [handler.py:handle_request():146] handle_request: status_report
2024-05-14 14:26:57,746 INFO    Thread-12 :926937 [dir_watcher.py:_on_file_modified():288] file/dir modified: /nfs/datx/lyk/HiFT/wandb/run-20240514_142451-5r64bflt/files/output.log
2024-05-14 14:26:58,747 INFO    Thread-12 :926937 [dir_watcher.py:_on_file_modified():288] file/dir modified: /nfs/datx/lyk/HiFT/wandb/run-20240514_142451-5r64bflt/files/output.log
2024-05-14 14:26:59,749 INFO    Thread-12 :926937 [dir_watcher.py:_on_file_modified():288] file/dir modified: /nfs/datx/lyk/HiFT/wandb/run-20240514_142451-5r64bflt/files/output.log
2024-05-14 14:27:00,750 INFO    Thread-12 :926937 [dir_watcher.py:_on_file_modified():288] file/dir modified: /nfs/datx/lyk/HiFT/wandb/run-20240514_142451-5r64bflt/files/output.log
2024-05-14 14:27:01,202 DEBUG   HandlerThread:926937 [handler.py:handle_request():146] handle_request: status_report
2024-05-14 14:27:01,751 INFO    Thread-12 :926937 [dir_watcher.py:_on_file_modified():288] file/dir modified: /nfs/datx/lyk/HiFT/wandb/run-20240514_142451-5r64bflt/files/output.log
2024-05-14 14:27:02,752 INFO    Thread-12 :926937 [dir_watcher.py:_on_file_modified():288] file/dir modified: /nfs/datx/lyk/HiFT/wandb/run-20240514_142451-5r64bflt/files/output.log
2024-05-14 14:27:05,755 INFO    Thread-12 :926937 [dir_watcher.py:_on_file_modified():288] file/dir modified: /nfs/datx/lyk/HiFT/wandb/run-20240514_142451-5r64bflt/files/output.log
2024-05-14 14:27:06,656 DEBUG   HandlerThread:926937 [handler.py:handle_request():146] handle_request: status_report
2024-05-14 14:27:06,757 INFO    Thread-12 :926937 [dir_watcher.py:_on_file_modified():288] file/dir modified: /nfs/datx/lyk/HiFT/wandb/run-20240514_142451-5r64bflt/files/output.log
2024-05-14 14:27:06,987 DEBUG   HandlerThread:926937 [handler.py:handle_request():146] handle_request: partial_history
2024-05-14 14:27:06,989 DEBUG   SenderThread:926937 [sender.py:send():382] send: history
2024-05-14 14:27:06,990 DEBUG   SenderThread:926937 [sender.py:send_request():409] send_request: summary_record
2024-05-14 14:27:06,991 INFO    SenderThread:926937 [sender.py:_save_file():1392] saving file wandb-summary.json with policy end
2024-05-14 14:27:07,758 INFO    Thread-12 :926937 [dir_watcher.py:_on_file_modified():288] file/dir modified: /nfs/datx/lyk/HiFT/wandb/run-20240514_142451-5r64bflt/files/output.log
2024-05-14 14:27:07,758 INFO    Thread-12 :926937 [dir_watcher.py:_on_file_modified():288] file/dir modified: /nfs/datx/lyk/HiFT/wandb/run-20240514_142451-5r64bflt/files/wandb-summary.json
2024-05-14 14:27:08,759 INFO    Thread-12 :926937 [dir_watcher.py:_on_file_modified():288] file/dir modified: /nfs/datx/lyk/HiFT/wandb/run-20240514_142451-5r64bflt/files/output.log
2024-05-14 14:27:09,761 INFO    Thread-12 :926937 [dir_watcher.py:_on_file_modified():288] file/dir modified: /nfs/datx/lyk/HiFT/wandb/run-20240514_142451-5r64bflt/files/output.log
2024-05-14 14:27:10,440 DEBUG   HandlerThread:926937 [handler.py:handle_request():146] handle_request: stop_status
2024-05-14 14:27:10,441 DEBUG   HandlerThread:926937 [handler.py:handle_request():146] handle_request: internal_messages
2024-05-14 14:27:10,441 DEBUG   SenderThread:926937 [sender.py:send_request():409] send_request: stop_status
2024-05-14 14:27:10,762 INFO    Thread-12 :926937 [dir_watcher.py:_on_file_modified():288] file/dir modified: /nfs/datx/lyk/HiFT/wandb/run-20240514_142451-5r64bflt/files/output.log
2024-05-14 14:27:11,831 DEBUG   HandlerThread:926937 [handler.py:handle_request():146] handle_request: status_report
2024-05-14 14:27:13,764 INFO    Thread-12 :926937 [dir_watcher.py:_on_file_modified():288] file/dir modified: /nfs/datx/lyk/HiFT/wandb/run-20240514_142451-5r64bflt/files/output.log
2024-05-14 14:27:14,765 INFO    Thread-12 :926937 [dir_watcher.py:_on_file_modified():288] file/dir modified: /nfs/datx/lyk/HiFT/wandb/run-20240514_142451-5r64bflt/files/output.log
2024-05-14 14:27:15,767 INFO    Thread-12 :926937 [dir_watcher.py:_on_file_modified():288] file/dir modified: /nfs/datx/lyk/HiFT/wandb/run-20240514_142451-5r64bflt/files/output.log
2024-05-14 14:27:16,768 INFO    Thread-12 :926937 [dir_watcher.py:_on_file_modified():288] file/dir modified: /nfs/datx/lyk/HiFT/wandb/run-20240514_142451-5r64bflt/files/output.log
2024-05-14 14:27:16,968 DEBUG   HandlerThread:926937 [handler.py:handle_request():146] handle_request: status_report
2024-05-14 14:27:17,769 INFO    Thread-12 :926937 [dir_watcher.py:_on_file_modified():288] file/dir modified: /nfs/datx/lyk/HiFT/wandb/run-20240514_142451-5r64bflt/files/output.log
2024-05-14 14:27:18,770 INFO    Thread-12 :926937 [dir_watcher.py:_on_file_modified():288] file/dir modified: /nfs/datx/lyk/HiFT/wandb/run-20240514_142451-5r64bflt/files/output.log
2024-05-14 14:27:19,772 INFO    Thread-12 :926937 [dir_watcher.py:_on_file_modified():288] file/dir modified: /nfs/datx/lyk/HiFT/wandb/run-20240514_142451-5r64bflt/files/output.log
2024-05-14 14:27:20,773 INFO    Thread-12 :926937 [dir_watcher.py:_on_file_modified():288] file/dir modified: /nfs/datx/lyk/HiFT/wandb/run-20240514_142451-5r64bflt/files/output.log
2024-05-14 14:27:21,765 DEBUG   SenderThread:926937 [sender.py:send():382] send: stats
2024-05-14 14:27:22,654 DEBUG   HandlerThread:926937 [handler.py:handle_request():146] handle_request: status_report
2024-05-14 14:27:23,777 INFO    Thread-12 :926937 [dir_watcher.py:_on_file_modified():288] file/dir modified: /nfs/datx/lyk/HiFT/wandb/run-20240514_142451-5r64bflt/files/output.log
2024-05-14 14:27:24,778 INFO    Thread-12 :926937 [dir_watcher.py:_on_file_modified():288] file/dir modified: /nfs/datx/lyk/HiFT/wandb/run-20240514_142451-5r64bflt/files/output.log
2024-05-14 14:27:25,441 DEBUG   HandlerThread:926937 [handler.py:handle_request():146] handle_request: stop_status
2024-05-14 14:27:25,442 DEBUG   HandlerThread:926937 [handler.py:handle_request():146] handle_request: internal_messages
2024-05-14 14:27:25,444 DEBUG   SenderThread:926937 [sender.py:send_request():409] send_request: stop_status
2024-05-14 14:27:25,779 INFO    Thread-12 :926937 [dir_watcher.py:_on_file_modified():288] file/dir modified: /nfs/datx/lyk/HiFT/wandb/run-20240514_142451-5r64bflt/files/output.log
2024-05-14 14:27:26,781 INFO    Thread-12 :926937 [dir_watcher.py:_on_file_modified():288] file/dir modified: /nfs/datx/lyk/HiFT/wandb/run-20240514_142451-5r64bflt/files/output.log
2024-05-14 14:27:27,782 INFO    Thread-12 :926937 [dir_watcher.py:_on_file_modified():288] file/dir modified: /nfs/datx/lyk/HiFT/wandb/run-20240514_142451-5r64bflt/files/output.log
2024-05-14 14:27:28,047 DEBUG   HandlerThread:926937 [handler.py:handle_request():146] handle_request: status_report
2024-05-14 14:27:30,429 DEBUG   HandlerThread:926937 [handler.py:handle_request():146] handle_request: partial_history
2024-05-14 14:27:30,431 DEBUG   SenderThread:926937 [sender.py:send():382] send: history
2024-05-14 14:27:30,432 DEBUG   SenderThread:926937 [sender.py:send_request():409] send_request: summary_record
2024-05-14 14:27:30,434 INFO    SenderThread:926937 [sender.py:_save_file():1392] saving file wandb-summary.json with policy end
2024-05-14 14:27:30,785 INFO    Thread-12 :926937 [dir_watcher.py:_on_file_modified():288] file/dir modified: /nfs/datx/lyk/HiFT/wandb/run-20240514_142451-5r64bflt/files/output.log
2024-05-14 14:27:30,785 INFO    Thread-12 :926937 [dir_watcher.py:_on_file_modified():288] file/dir modified: /nfs/datx/lyk/HiFT/wandb/run-20240514_142451-5r64bflt/files/wandb-summary.json
2024-05-14 14:27:31,786 INFO    Thread-12 :926937 [dir_watcher.py:_on_file_modified():288] file/dir modified: /nfs/datx/lyk/HiFT/wandb/run-20240514_142451-5r64bflt/files/output.log
2024-05-14 14:27:32,788 INFO    Thread-12 :926937 [dir_watcher.py:_on_file_modified():288] file/dir modified: /nfs/datx/lyk/HiFT/wandb/run-20240514_142451-5r64bflt/files/output.log
2024-05-14 14:27:33,060 DEBUG   HandlerThread:926937 [handler.py:handle_request():146] handle_request: status_report
2024-05-14 14:27:33,789 INFO    Thread-12 :926937 [dir_watcher.py:_on_file_modified():288] file/dir modified: /nfs/datx/lyk/HiFT/wandb/run-20240514_142451-5r64bflt/files/output.log
2024-05-14 14:27:34,790 INFO    Thread-12 :926937 [dir_watcher.py:_on_file_modified():288] file/dir modified: /nfs/datx/lyk/HiFT/wandb/run-20240514_142451-5r64bflt/files/output.log
2024-05-14 14:27:37,793 INFO    Thread-12 :926937 [dir_watcher.py:_on_file_modified():288] file/dir modified: /nfs/datx/lyk/HiFT/wandb/run-20240514_142451-5r64bflt/files/output.log
2024-05-14 14:27:38,736 DEBUG   HandlerThread:926937 [handler.py:handle_request():146] handle_request: status_report
2024-05-14 14:27:38,794 INFO    Thread-12 :926937 [dir_watcher.py:_on_file_modified():288] file/dir modified: /nfs/datx/lyk/HiFT/wandb/run-20240514_142451-5r64bflt/files/output.log
2024-05-14 14:27:39,796 INFO    Thread-12 :926937 [dir_watcher.py:_on_file_modified():288] file/dir modified: /nfs/datx/lyk/HiFT/wandb/run-20240514_142451-5r64bflt/files/output.log
2024-05-14 14:27:40,441 DEBUG   HandlerThread:926937 [handler.py:handle_request():146] handle_request: stop_status
2024-05-14 14:27:40,441 DEBUG   HandlerThread:926937 [handler.py:handle_request():146] handle_request: internal_messages
2024-05-14 14:27:40,442 DEBUG   SenderThread:926937 [sender.py:send_request():409] send_request: stop_status
2024-05-14 14:27:40,797 INFO    Thread-12 :926937 [dir_watcher.py:_on_file_modified():288] file/dir modified: /nfs/datx/lyk/HiFT/wandb/run-20240514_142451-5r64bflt/files/output.log
2024-05-14 14:27:41,799 INFO    Thread-12 :926937 [dir_watcher.py:_on_file_modified():288] file/dir modified: /nfs/datx/lyk/HiFT/wandb/run-20240514_142451-5r64bflt/files/output.log
2024-05-14 14:27:42,800 INFO    Thread-12 :926937 [dir_watcher.py:_on_file_modified():288] file/dir modified: /nfs/datx/lyk/HiFT/wandb/run-20240514_142451-5r64bflt/files/output.log
2024-05-14 14:27:44,025 DEBUG   HandlerThread:926937 [handler.py:handle_request():146] handle_request: status_report
2024-05-14 14:27:45,803 INFO    Thread-12 :926937 [dir_watcher.py:_on_file_modified():288] file/dir modified: /nfs/datx/lyk/HiFT/wandb/run-20240514_142451-5r64bflt/files/output.log
2024-05-14 14:27:46,805 INFO    Thread-12 :926937 [dir_watcher.py:_on_file_modified():288] file/dir modified: /nfs/datx/lyk/HiFT/wandb/run-20240514_142451-5r64bflt/files/output.log
2024-05-14 14:27:49,399 DEBUG   HandlerThread:926937 [handler.py:handle_request():146] handle_request: status_report
2024-05-14 14:27:51,766 DEBUG   SenderThread:926937 [sender.py:send():382] send: stats
2024-05-14 14:27:53,839 INFO    memory    :926937 [interfaces.py:monitor():140] Process proc.memory.rssMB has exited.
2024-05-14 14:27:53,840 DEBUG   SystemMonitor:926937 [system_monitor.py:_start():179] Finished system metrics aggregation loop
2024-05-14 14:27:53,840 DEBUG   SystemMonitor:926937 [system_monitor.py:_start():183] Publishing last batch of metrics
2024-05-14 14:27:53,842 DEBUG   SenderThread:926937 [sender.py:send():382] send: stats
2024-05-14 14:27:54,763 INFO    MainThread:926937 [internal.py:handle_exit():76] Internal process exited
