2024-05-13 13:44:45,195 INFO    StreamThr :514254 [internal.py:wandb_internal():86] W&B internal server running at pid: 514254, started at: 2024-05-13 13:44:45.194463
2024-05-13 13:44:45,196 DEBUG   HandlerThread:514254 [handler.py:handle_request():146] handle_request: status
2024-05-13 13:44:45,200 INFO    WriterThread:514254 [datastore.py:open_for_write():85] open: /nfs/datx/lyk/HiFT/wandb/run-20240513_134445-mzyx01fd/run-mzyx01fd.wandb
2024-05-13 13:44:45,201 DEBUG   SenderThread:514254 [sender.py:send():382] send: header
2024-05-13 13:44:45,202 DEBUG   SenderThread:514254 [sender.py:send():382] send: run
2024-05-13 13:44:45,588 INFO    SenderThread:514254 [dir_watcher.py:__init__():211] watching files in: /nfs/datx/lyk/HiFT/wandb/run-20240513_134445-mzyx01fd/files
2024-05-13 13:44:45,588 INFO    SenderThread:514254 [sender.py:_start_run_threads():1136] run started: mzyx01fd with start time 1715600685.19635
2024-05-13 13:44:45,598 DEBUG   HandlerThread:514254 [handler.py:handle_request():146] handle_request: check_version
2024-05-13 13:44:45,599 DEBUG   SenderThread:514254 [sender.py:send_request():409] send_request: check_version
2024-05-13 13:44:45,658 DEBUG   HandlerThread:514254 [handler.py:handle_request():146] handle_request: run_start
2024-05-13 13:44:45,695 DEBUG   HandlerThread:514254 [system_info.py:__init__():32] System info init
2024-05-13 13:44:45,695 DEBUG   HandlerThread:514254 [system_info.py:__init__():47] System info init done
2024-05-13 13:44:45,695 INFO    HandlerThread:514254 [system_monitor.py:start():194] Starting system monitor
2024-05-13 13:44:45,695 INFO    SystemMonitor:514254 [system_monitor.py:_start():158] Starting system asset monitoring threads
2024-05-13 13:44:45,696 INFO    HandlerThread:514254 [system_monitor.py:probe():214] Collecting system info
2024-05-13 13:44:45,696 INFO    SystemMonitor:514254 [interfaces.py:start():190] Started cpu monitoring
2024-05-13 13:44:45,697 INFO    SystemMonitor:514254 [interfaces.py:start():190] Started disk monitoring
2024-05-13 13:44:45,697 INFO    SystemMonitor:514254 [interfaces.py:start():190] Started gpu monitoring
2024-05-13 13:44:45,698 INFO    SystemMonitor:514254 [interfaces.py:start():190] Started memory monitoring
2024-05-13 13:44:45,698 INFO    SystemMonitor:514254 [interfaces.py:start():190] Started network monitoring
2024-05-13 13:44:45,761 DEBUG   HandlerThread:514254 [system_info.py:probe():196] Probing system
2024-05-13 13:44:45,768 DEBUG   HandlerThread:514254 [gitlib.py:_init_repo():56] git repository is invalid
2024-05-13 13:44:45,769 DEBUG   HandlerThread:514254 [system_info.py:probe():244] Probing system done
2024-05-13 13:44:45,769 DEBUG   HandlerThread:514254 [system_monitor.py:probe():223] {'os': 'Linux-5.15.0-91-generic-x86_64-with-glibc2.10', 'python': '3.8.5', 'heartbeatAt': '2024-05-13T11:44:45.761517', 'startedAt': '2024-05-13T11:44:45.172930', 'docker': None, 'cuda': None, 'args': ('--model_type', 'llama', '--HiTaskType', 'CAUSAL_LM', '--deepspeed', 'dsconfig/zero0_config.json', '--model_name_or_path', '/mounts/work/lyk/hierFT/llama2-7b', '--dataset_dir', 'data/alpaca_data', '--validation_split_percentage', '0.01', '--per_device_train_batch_size', '8', '--per_device_eval_batch_size', '8', '--do_train', '--do_eval', '--seed', '12345', '--fp16', '--num_train_epochs', '1', '--lr_scheduler_type', 'cosine', '--learning_rate', '1e-6', '--warmup_ratio', '0', '--weight_decay', '0', '--logging_strategy', 'steps', '--logging_steps', '10', '--save_strategy', 'steps', '--save_total_limit', '3', '--evaluation_strategy', 'steps', '--eval_steps', '100', '--save_steps', '200', '--preprocessing_num_workers', '4', '--max_seq_length', '512', '--output_dir', 'outputs/instruct_tuning/model', '--overwrite_output_dir', '--logging_first_step', 'True', '--lora_rank', '8', '--torch_dtype', 'float16', '--ddp_find_unused_parameters', 'False', '--load_best_model_at_end', '--hier_tuning', '--group_element', '1', '--optimizer_strategy', 'down2up'), 'state': 'running', 'program': 'examples/instruct_tuning.py', 'codePathLocal': 'examples/instruct_tuning.py', 'codePath': 'examples/instruct_tuning.py', 'host': 'rho1', 'username': 'yongkang', 'executable': '/mounts/work/lyk/anaconda3/envs/torch2/bin/python', 'cpu_count': 32, 'cpu_count_logical': 64, 'cpu_freq': {'current': 1863.024546875, 'min': 1500.0, 'max': 3000.0}, 'cpu_freq_per_core': [{'current': 1500.0, 'min': 1500.0, 'max': 3000.0}, {'current': 1500.0, 'min': 1500.0, 'max': 3000.0}, {'current': 1500.0, 'min': 1500.0, 'max': 3000.0}, {'current': 1500.0, 'min': 1500.0, 'max': 3000.0}, {'current': 1500.0, 'min': 1500.0, 'max': 3000.0}, {'current': 1500.0, 'min': 1500.0, 'max': 3000.0}, {'current': 3000.0, 'min': 1500.0, 'max': 3000.0}, {'current': 1500.0, 'min': 1500.0, 'max': 3000.0}, {'current': 1500.0, 'min': 1500.0, 'max': 3000.0}, {'current': 3000.0, 'min': 1500.0, 'max': 3000.0}, {'current': 1500.0, 'min': 1500.0, 'max': 3000.0}, {'current': 1500.0, 'min': 1500.0, 'max': 3000.0}, {'current': 1500.0, 'min': 1500.0, 'max': 3000.0}, {'current': 1500.0, 'min': 1500.0, 'max': 3000.0}, {'current': 1500.0, 'min': 1500.0, 'max': 3000.0}, {'current': 1500.0, 'min': 1500.0, 'max': 3000.0}, {'current': 1500.0, 'min': 1500.0, 'max': 3000.0}, {'current': 3000.0, 'min': 1500.0, 'max': 3000.0}, {'current': 1500.0, 'min': 1500.0, 'max': 3000.0}, {'current': 2200.0, 'min': 1500.0, 'max': 3000.0}, {'current': 3690.216, 'min': 1500.0, 'max': 3000.0}, {'current': 1500.0, 'min': 1500.0, 'max': 3000.0}, {'current': 1500.0, 'min': 1500.0, 'max': 3000.0}, {'current': 1500.0, 'min': 1500.0, 'max': 3000.0}, {'current': 2597.542, 'min': 1500.0, 'max': 3000.0}, {'current': 1500.0, 'min': 1500.0, 'max': 3000.0}, {'current': 3348.204, 'min': 1500.0, 'max': 3000.0}, {'current': 1500.0, 'min': 1500.0, 'max': 3000.0}, {'current': 3000.0, 'min': 1500.0, 'max': 3000.0}, {'current': 3000.0, 'min': 1500.0, 'max': 3000.0}, {'current': 1500.0, 'min': 1500.0, 'max': 3000.0}, {'current': 2200.0, 'min': 1500.0, 'max': 3000.0}, {'current': 1746.856, 'min': 1500.0, 'max': 3000.0}, {'current': 1500.0, 'min': 1500.0, 'max': 3000.0}, {'current': 1500.0, 'min': 1500.0, 'max': 3000.0}, {'current': 1500.0, 'min': 1500.0, 'max': 3000.0}, {'current': 1500.0, 'min': 1500.0, 'max': 3000.0}, {'current': 1500.0, 'min': 1500.0, 'max': 3000.0}, {'current': 1500.0, 'min': 1500.0, 'max': 3000.0}, {'current': 3000.0, 'min': 1500.0, 'max': 3000.0}, {'current': 1500.0, 'min': 1500.0, 'max': 3000.0}, {'current': 3000.0, 'min': 1500.0, 'max': 3000.0}, {'current': 1500.0, 'min': 1500.0, 'max': 3000.0}, {'current': 3000.0, 'min': 1500.0, 'max': 3000.0}, {'current': 1500.0, 'min': 1500.0, 'max': 3000.0}, {'current': 1500.0, 'min': 1500.0, 'max': 3000.0}, {'current': 1500.0, 'min': 1500.0, 'max': 3000.0}, {'current': 1500.0, 'min': 1500.0, 'max': 3000.0}, {'current': 1500.0, 'min': 1500.0, 'max': 3000.0}, {'current': 1500.0, 'min': 1500.0, 'max': 3000.0}, {'current': 3000.0, 'min': 1500.0, 'max': 3000.0}, {'current': 1500.0, 'min': 1500.0, 'max': 3000.0}, {'current': 1500.0, 'min': 1500.0, 'max': 3000.0}, {'current': 1500.0, 'min': 1500.0, 'max': 3000.0}, {'current': 1500.0, 'min': 1500.0, 'max': 3000.0}, {'current': 1500.0, 'min': 1500.0, 'max': 3000.0}, {'current': 1500.0, 'min': 1500.0, 'max': 3000.0}, {'current': 3000.0, 'min': 1500.0, 'max': 3000.0}, {'current': 3000.0, 'min': 1500.0, 'max': 3000.0}, {'current': 1500.0, 'min': 1500.0, 'max': 3000.0}, {'current': 2200.0, 'min': 1500.0, 'max': 3000.0}, {'current': 1500.0, 'min': 1500.0, 'max': 3000.0}, {'current': 1500.0, 'min': 1500.0, 'max': 3000.0}, {'current': 3000.0, 'min': 1500.0, 'max': 3000.0}], 'disk': {'/': {'total': 878.1072120666504, 'used': 583.3166999816895}}, 'gpu': 'NVIDIA RTX A6000', 'gpu_count': 8, 'gpu_devices': [{'name': 'NVIDIA RTX A6000', 'memory_total': 51527024640}, {'name': 'NVIDIA RTX A6000', 'memory_total': 51527024640}, {'name': 'NVIDIA RTX A6000', 'memory_total': 51527024640}, {'name': 'NVIDIA RTX A6000', 'memory_total': 51527024640}, {'name': 'NVIDIA RTX A6000', 'memory_total': 51527024640}, {'name': 'NVIDIA RTX A6000', 'memory_total': 51527024640}, {'name': 'NVIDIA RTX A6000', 'memory_total': 51527024640}, {'name': 'NVIDIA RTX A6000', 'memory_total': 51527024640}], 'memory': {'total': 251.73123168945312}}
2024-05-13 13:44:45,769 INFO    HandlerThread:514254 [system_monitor.py:probe():224] Finished collecting system info
2024-05-13 13:44:45,769 INFO    HandlerThread:514254 [system_monitor.py:probe():227] Publishing system info
2024-05-13 13:44:45,769 DEBUG   HandlerThread:514254 [system_info.py:_save_pip():52] Saving list of pip packages installed into the current environment
2024-05-13 13:44:45,770 DEBUG   HandlerThread:514254 [system_info.py:_save_pip():68] Saving pip packages done
2024-05-13 13:44:45,770 DEBUG   HandlerThread:514254 [system_info.py:_save_conda():75] Saving list of conda packages installed into the current environment
2024-05-13 13:44:46,590 INFO    Thread-12 :514254 [dir_watcher.py:_on_file_created():271] file/dir created: /nfs/datx/lyk/HiFT/wandb/run-20240513_134445-mzyx01fd/files/requirements.txt
2024-05-13 13:44:46,591 INFO    Thread-12 :514254 [dir_watcher.py:_on_file_created():271] file/dir created: /nfs/datx/lyk/HiFT/wandb/run-20240513_134445-mzyx01fd/files/conda-environment.yaml
2024-05-13 13:44:52,048 DEBUG   HandlerThread:514254 [system_info.py:_save_conda():87] Saving conda packages done
2024-05-13 13:44:52,049 INFO    HandlerThread:514254 [system_monitor.py:probe():229] Finished publishing system info
2024-05-13 13:44:52,064 DEBUG   HandlerThread:514254 [handler.py:handle_request():146] handle_request: status_report
2024-05-13 13:44:52,064 DEBUG   HandlerThread:514254 [handler.py:handle_request():146] handle_request: keepalive
2024-05-13 13:44:52,064 DEBUG   SenderThread:514254 [sender.py:send():382] send: files
2024-05-13 13:44:52,064 INFO    SenderThread:514254 [sender.py:_save_file():1392] saving file wandb-metadata.json with policy now
2024-05-13 13:44:52,074 DEBUG   HandlerThread:514254 [handler.py:handle_request():146] handle_request: stop_status
2024-05-13 13:44:52,074 DEBUG   SenderThread:514254 [sender.py:send_request():409] send_request: stop_status
2024-05-13 13:44:52,075 DEBUG   HandlerThread:514254 [handler.py:handle_request():146] handle_request: internal_messages
2024-05-13 13:44:52,274 DEBUG   SenderThread:514254 [sender.py:send():382] send: telemetry
2024-05-13 13:44:52,274 DEBUG   SenderThread:514254 [sender.py:send():382] send: config
2024-05-13 13:44:52,275 DEBUG   SenderThread:514254 [sender.py:send():382] send: metric
2024-05-13 13:44:52,275 DEBUG   SenderThread:514254 [sender.py:send():382] send: telemetry
2024-05-13 13:44:52,275 DEBUG   SenderThread:514254 [sender.py:send():382] send: metric
2024-05-13 13:44:52,275 WARNING SenderThread:514254 [sender.py:send_metric():1343] Seen metric with glob (shouldn't happen)
2024-05-13 13:44:52,275 DEBUG   SenderThread:514254 [sender.py:send():382] send: telemetry
2024-05-13 13:44:52,493 ERROR   wandb-upload_0:514254 [internal_api.py:upload_file():2761] upload_file exception https://storage.googleapis.com/wandb-production.appspot.com/neuzxm/huggingface/mzyx01fd/wandb-metadata.json?Expires=1715687092&GoogleAccessId=gorilla-files-url-signer-man%40wandb-production.iam.gserviceaccount.com&Signature=d5N6Wtba43bm3TXD7hnYPKQeEWQ3ubvdAufDy7JIRlcZOMaDAYcEyrLcqpYbZGd2Vatcp%2B1KkdjZVa20qfh9sIyXvSFwX%2FxvFHV9LYPV7uuJ2vErWDNW6bqCe%2BAMjlO7IxuzO3fctvfG3z%2Ftsxh6BG2AgnZRa2WKHhkqI%2FSmqsMyStpN%2FH4TYquqeOewvlxnq4z3SwRLavhVCu91N8X8tsWnoMLCcSqA4wBfkj38EiVWJmoxfRi%2BsHh3MHXTEfjhto68mBVeR95rRWRmh658Wwfg8Lvxep9MW9SYxHRwR03LHbFXi4YV3OEqgwMMT7iJtC3%2FWgfc3vOSD2Cvp%2BUq7Q%3D%3D: 403 Client Error: Forbidden for url: https://storage.googleapis.com/wandb-production.appspot.com/neuzxm/huggingface/mzyx01fd/wandb-metadata.json?Expires=1715687092&GoogleAccessId=gorilla-files-url-signer-man%40wandb-production.iam.gserviceaccount.com&Signature=d5N6Wtba43bm3TXD7hnYPKQeEWQ3ubvdAufDy7JIRlcZOMaDAYcEyrLcqpYbZGd2Vatcp%2B1KkdjZVa20qfh9sIyXvSFwX%2FxvFHV9LYPV7uuJ2vErWDNW6bqCe%2BAMjlO7IxuzO3fctvfG3z%2Ftsxh6BG2AgnZRa2WKHhkqI%2FSmqsMyStpN%2FH4TYquqeOewvlxnq4z3SwRLavhVCu91N8X8tsWnoMLCcSqA4wBfkj38EiVWJmoxfRi%2BsHh3MHXTEfjhto68mBVeR95rRWRmh658Wwfg8Lvxep9MW9SYxHRwR03LHbFXi4YV3OEqgwMMT7iJtC3%2FWgfc3vOSD2Cvp%2BUq7Q%3D%3D
2024-05-13 13:44:52,493 ERROR   wandb-upload_0:514254 [internal_api.py:upload_file():2763] upload_file request headers: {'User-Agent': 'python-requests/2.31.0', 'Accept-Encoding': 'gzip, deflate, br', 'Accept': '*/*', 'Connection': 'keep-alive', 'Content-Length': '10096'}
2024-05-13 13:44:52,493 ERROR   wandb-upload_0:514254 [internal_api.py:upload_file():2765] upload_file response body: b"<?xml version='1.0' encoding='UTF-8'?><Error><Code>AccessDenied</Code><Message>Access denied.</Message><Details>We're sorry, but this service is not available in your location</Details></Error>"
2024-05-13 13:44:52,568 ERROR   wandb-upload_0:514254 [upload_job.py:push():134] Failed to upload file: /tmp/tmpxehx1hgywandb/qcor7wkb-wandb-metadata.json
Traceback (most recent call last):
  File "/mounts/work/lyk/anaconda3/envs/torch2/lib/python3.8/site-packages/wandb/apis/normalize.py", line 41, in wrapper
    return func(*args, **kwargs)
  File "/mounts/work/lyk/anaconda3/envs/torch2/lib/python3.8/site-packages/wandb/sdk/lib/retry.py", line 212, in wrapped_fn
    return retrier(*args, **kargs)
  File "/mounts/work/lyk/anaconda3/envs/torch2/lib/python3.8/site-packages/wandb/sdk/lib/retry.py", line 131, in __call__
    result = self._call_fn(*args, **kwargs)
  File "/mounts/work/lyk/anaconda3/envs/torch2/lib/python3.8/site-packages/wandb/sdk/internal/internal_api.py", line 2787, in upload_file
    wandb._sentry.reraise(e)
  File "/mounts/work/lyk/anaconda3/envs/torch2/lib/python3.8/site-packages/wandb/analytics/sentry.py", line 154, in reraise
    raise exc.with_traceback(sys.exc_info()[2])
  File "/mounts/work/lyk/anaconda3/envs/torch2/lib/python3.8/site-packages/wandb/sdk/internal/internal_api.py", line 2759, in upload_file
    response.raise_for_status()
  File "/mounts/work/lyk/anaconda3/envs/torch2/lib/python3.8/site-packages/requests/models.py", line 1021, in raise_for_status
    raise HTTPError(http_error_msg, response=self)
requests.exceptions.HTTPError: 403 Client Error: Forbidden for url: https://storage.googleapis.com/wandb-production.appspot.com/neuzxm/huggingface/mzyx01fd/wandb-metadata.json?Expires=1715687092&GoogleAccessId=gorilla-files-url-signer-man%40wandb-production.iam.gserviceaccount.com&Signature=d5N6Wtba43bm3TXD7hnYPKQeEWQ3ubvdAufDy7JIRlcZOMaDAYcEyrLcqpYbZGd2Vatcp%2B1KkdjZVa20qfh9sIyXvSFwX%2FxvFHV9LYPV7uuJ2vErWDNW6bqCe%2BAMjlO7IxuzO3fctvfG3z%2Ftsxh6BG2AgnZRa2WKHhkqI%2FSmqsMyStpN%2FH4TYquqeOewvlxnq4z3SwRLavhVCu91N8X8tsWnoMLCcSqA4wBfkj38EiVWJmoxfRi%2BsHh3MHXTEfjhto68mBVeR95rRWRmh658Wwfg8Lvxep9MW9SYxHRwR03LHbFXi4YV3OEqgwMMT7iJtC3%2FWgfc3vOSD2Cvp%2BUq7Q%3D%3D

During handling of the above exception, another exception occurred:

Traceback (most recent call last):
  File "/mounts/work/lyk/anaconda3/envs/torch2/lib/python3.8/site-packages/wandb/filesync/upload_job.py", line 125, in push
    self._api.upload_file_retry(
  File "/mounts/work/lyk/anaconda3/envs/torch2/lib/python3.8/site-packages/wandb/apis/normalize.py", line 51, in wrapper
    raise CommError(message, error)
wandb.errors.CommError: <Response [403]>
2024-05-13 13:44:52,593 INFO    Thread-12 :514254 [dir_watcher.py:_on_file_modified():288] file/dir modified: /nfs/datx/lyk/HiFT/wandb/run-20240513_134445-mzyx01fd/files/conda-environment.yaml
2024-05-13 13:44:52,604 INFO    Thread-12 :514254 [dir_watcher.py:_on_file_created():271] file/dir created: /nfs/datx/lyk/HiFT/wandb/run-20240513_134445-mzyx01fd/files/wandb-metadata.json
2024-05-13 13:44:52,604 INFO    Thread-12 :514254 [dir_watcher.py:_on_file_created():271] file/dir created: /nfs/datx/lyk/HiFT/wandb/run-20240513_134445-mzyx01fd/files/output.log
2024-05-13 13:44:52,627 ERROR   Thread-11 :514254 [step_upload.py:_handle_event():200] Failed to upload file: /tmp/tmpxehx1hgywandb/qcor7wkb-wandb-metadata.json
Traceback (most recent call last):
  File "/mounts/work/lyk/anaconda3/envs/torch2/lib/python3.8/site-packages/wandb/apis/normalize.py", line 41, in wrapper
    return func(*args, **kwargs)
  File "/mounts/work/lyk/anaconda3/envs/torch2/lib/python3.8/site-packages/wandb/sdk/lib/retry.py", line 212, in wrapped_fn
    return retrier(*args, **kargs)
  File "/mounts/work/lyk/anaconda3/envs/torch2/lib/python3.8/site-packages/wandb/sdk/lib/retry.py", line 131, in __call__
    result = self._call_fn(*args, **kwargs)
  File "/mounts/work/lyk/anaconda3/envs/torch2/lib/python3.8/site-packages/wandb/sdk/internal/internal_api.py", line 2787, in upload_file
    wandb._sentry.reraise(e)
  File "/mounts/work/lyk/anaconda3/envs/torch2/lib/python3.8/site-packages/wandb/analytics/sentry.py", line 154, in reraise
    raise exc.with_traceback(sys.exc_info()[2])
  File "/mounts/work/lyk/anaconda3/envs/torch2/lib/python3.8/site-packages/wandb/sdk/internal/internal_api.py", line 2759, in upload_file
    response.raise_for_status()
  File "/mounts/work/lyk/anaconda3/envs/torch2/lib/python3.8/site-packages/requests/models.py", line 1021, in raise_for_status
    raise HTTPError(http_error_msg, response=self)
requests.exceptions.HTTPError: 403 Client Error: Forbidden for url: https://storage.googleapis.com/wandb-production.appspot.com/neuzxm/huggingface/mzyx01fd/wandb-metadata.json?Expires=1715687092&GoogleAccessId=gorilla-files-url-signer-man%40wandb-production.iam.gserviceaccount.com&Signature=d5N6Wtba43bm3TXD7hnYPKQeEWQ3ubvdAufDy7JIRlcZOMaDAYcEyrLcqpYbZGd2Vatcp%2B1KkdjZVa20qfh9sIyXvSFwX%2FxvFHV9LYPV7uuJ2vErWDNW6bqCe%2BAMjlO7IxuzO3fctvfG3z%2Ftsxh6BG2AgnZRa2WKHhkqI%2FSmqsMyStpN%2FH4TYquqeOewvlxnq4z3SwRLavhVCu91N8X8tsWnoMLCcSqA4wBfkj38EiVWJmoxfRi%2BsHh3MHXTEfjhto68mBVeR95rRWRmh658Wwfg8Lvxep9MW9SYxHRwR03LHbFXi4YV3OEqgwMMT7iJtC3%2FWgfc3vOSD2Cvp%2BUq7Q%3D%3D

During handling of the above exception, another exception occurred:

Traceback (most recent call last):
  File "/mounts/work/lyk/anaconda3/envs/torch2/lib/python3.8/concurrent/futures/thread.py", line 57, in run
    result = self.fn(*self.args, **self.kwargs)
  File "/mounts/work/lyk/anaconda3/envs/torch2/lib/python3.8/site-packages/wandb/filesync/step_upload.py", line 288, in run_and_notify
    self._do_upload_sync(event)
  File "/mounts/work/lyk/anaconda3/envs/torch2/lib/python3.8/site-packages/wandb/filesync/step_upload.py", line 330, in _do_upload_sync
    job.run()
  File "/mounts/work/lyk/anaconda3/envs/torch2/lib/python3.8/site-packages/wandb/filesync/upload_job.py", line 57, in run
    self.push()
  File "/mounts/work/lyk/anaconda3/envs/torch2/lib/python3.8/site-packages/wandb/filesync/upload_job.py", line 125, in push
    self._api.upload_file_retry(
  File "/mounts/work/lyk/anaconda3/envs/torch2/lib/python3.8/site-packages/wandb/apis/normalize.py", line 51, in wrapper
    raise CommError(message, error)
wandb.errors.CommError: <Response [403]>
2024-05-13 13:44:54,462 DEBUG   HandlerThread:514254 [handler.py:handle_request():146] handle_request: partial_history
2024-05-13 13:44:54,465 DEBUG   SenderThread:514254 [sender.py:send():382] send: metric
2024-05-13 13:44:54,465 DEBUG   SenderThread:514254 [sender.py:send():382] send: metric
2024-05-13 13:44:54,465 DEBUG   SenderThread:514254 [sender.py:send():382] send: metric
2024-05-13 13:44:54,466 DEBUG   SenderThread:514254 [sender.py:send():382] send: history
2024-05-13 13:44:54,466 DEBUG   SenderThread:514254 [sender.py:send_request():409] send_request: summary_record
2024-05-13 13:44:54,467 INFO    SenderThread:514254 [sender.py:_save_file():1392] saving file wandb-summary.json with policy end
2024-05-13 13:44:54,596 INFO    Thread-12 :514254 [dir_watcher.py:_on_file_modified():288] file/dir modified: /nfs/datx/lyk/HiFT/wandb/run-20240513_134445-mzyx01fd/files/output.log
2024-05-13 13:44:54,596 INFO    Thread-12 :514254 [dir_watcher.py:_on_file_created():271] file/dir created: /nfs/datx/lyk/HiFT/wandb/run-20240513_134445-mzyx01fd/files/wandb-summary.json
2024-05-13 13:44:55,598 INFO    Thread-12 :514254 [dir_watcher.py:_on_file_modified():288] file/dir modified: /nfs/datx/lyk/HiFT/wandb/run-20240513_134445-mzyx01fd/files/output.log
2024-05-13 13:44:56,254 DEBUG   HandlerThread:514254 [handler.py:handle_request():146] handle_request: status_report
2024-05-13 13:44:56,600 INFO    Thread-12 :514254 [dir_watcher.py:_on_file_modified():288] file/dir modified: /nfs/datx/lyk/HiFT/wandb/run-20240513_134445-mzyx01fd/files/output.log
2024-05-13 13:44:57,601 INFO    Thread-12 :514254 [dir_watcher.py:_on_file_modified():288] file/dir modified: /nfs/datx/lyk/HiFT/wandb/run-20240513_134445-mzyx01fd/files/output.log
2024-05-13 13:44:58,602 INFO    Thread-12 :514254 [dir_watcher.py:_on_file_modified():288] file/dir modified: /nfs/datx/lyk/HiFT/wandb/run-20240513_134445-mzyx01fd/files/output.log
2024-05-13 13:44:59,603 INFO    Thread-12 :514254 [dir_watcher.py:_on_file_modified():288] file/dir modified: /nfs/datx/lyk/HiFT/wandb/run-20240513_134445-mzyx01fd/files/output.log
2024-05-13 13:45:00,604 INFO    Thread-12 :514254 [dir_watcher.py:_on_file_modified():288] file/dir modified: /nfs/datx/lyk/HiFT/wandb/run-20240513_134445-mzyx01fd/files/output.log
2024-05-13 13:45:01,606 INFO    Thread-12 :514254 [dir_watcher.py:_on_file_modified():288] file/dir modified: /nfs/datx/lyk/HiFT/wandb/run-20240513_134445-mzyx01fd/files/output.log
2024-05-13 13:45:01,687 DEBUG   HandlerThread:514254 [handler.py:handle_request():146] handle_request: status_report
2024-05-13 13:45:02,607 INFO    Thread-12 :514254 [dir_watcher.py:_on_file_modified():288] file/dir modified: /nfs/datx/lyk/HiFT/wandb/run-20240513_134445-mzyx01fd/files/output.log
2024-05-13 13:45:03,608 INFO    Thread-12 :514254 [dir_watcher.py:_on_file_modified():288] file/dir modified: /nfs/datx/lyk/HiFT/wandb/run-20240513_134445-mzyx01fd/files/output.log
2024-05-13 13:45:04,609 INFO    Thread-12 :514254 [dir_watcher.py:_on_file_modified():288] file/dir modified: /nfs/datx/lyk/HiFT/wandb/run-20240513_134445-mzyx01fd/files/output.log
2024-05-13 13:45:05,611 INFO    Thread-12 :514254 [dir_watcher.py:_on_file_modified():288] file/dir modified: /nfs/datx/lyk/HiFT/wandb/run-20240513_134445-mzyx01fd/files/output.log
2024-05-13 13:45:06,612 INFO    Thread-12 :514254 [dir_watcher.py:_on_file_modified():288] file/dir modified: /nfs/datx/lyk/HiFT/wandb/run-20240513_134445-mzyx01fd/files/output.log
2024-05-13 13:45:07,073 DEBUG   HandlerThread:514254 [handler.py:handle_request():146] handle_request: stop_status
2024-05-13 13:45:07,074 DEBUG   HandlerThread:514254 [handler.py:handle_request():146] handle_request: internal_messages
2024-05-13 13:45:07,074 DEBUG   SenderThread:514254 [sender.py:send_request():409] send_request: stop_status
2024-05-13 13:45:07,277 DEBUG   HandlerThread:514254 [handler.py:handle_request():146] handle_request: status_report
2024-05-13 13:45:07,613 INFO    Thread-12 :514254 [dir_watcher.py:_on_file_modified():288] file/dir modified: /nfs/datx/lyk/HiFT/wandb/run-20240513_134445-mzyx01fd/files/output.log
2024-05-13 13:45:08,614 INFO    Thread-12 :514254 [dir_watcher.py:_on_file_modified():288] file/dir modified: /nfs/datx/lyk/HiFT/wandb/run-20240513_134445-mzyx01fd/files/output.log
2024-05-13 13:45:09,616 INFO    Thread-12 :514254 [dir_watcher.py:_on_file_modified():288] file/dir modified: /nfs/datx/lyk/HiFT/wandb/run-20240513_134445-mzyx01fd/files/output.log
2024-05-13 13:45:10,617 INFO    Thread-12 :514254 [dir_watcher.py:_on_file_modified():288] file/dir modified: /nfs/datx/lyk/HiFT/wandb/run-20240513_134445-mzyx01fd/files/output.log
2024-05-13 13:45:11,618 INFO    Thread-12 :514254 [dir_watcher.py:_on_file_modified():288] file/dir modified: /nfs/datx/lyk/HiFT/wandb/run-20240513_134445-mzyx01fd/files/output.log
2024-05-13 13:45:11,792 DEBUG   HandlerThread:514254 [handler.py:handle_request():146] handle_request: partial_history
2024-05-13 13:45:11,793 DEBUG   SenderThread:514254 [sender.py:send():382] send: history
2024-05-13 13:45:11,793 DEBUG   SenderThread:514254 [sender.py:send_request():409] send_request: summary_record
2024-05-13 13:45:11,794 INFO    SenderThread:514254 [sender.py:_save_file():1392] saving file wandb-summary.json with policy end
2024-05-13 13:45:12,619 INFO    Thread-12 :514254 [dir_watcher.py:_on_file_modified():288] file/dir modified: /nfs/datx/lyk/HiFT/wandb/run-20240513_134445-mzyx01fd/files/wandb-summary.json
2024-05-13 13:45:12,619 INFO    Thread-12 :514254 [dir_watcher.py:_on_file_modified():288] file/dir modified: /nfs/datx/lyk/HiFT/wandb/run-20240513_134445-mzyx01fd/files/output.log
2024-05-13 13:45:12,795 DEBUG   HandlerThread:514254 [handler.py:handle_request():146] handle_request: status_report
2024-05-13 13:45:13,621 INFO    Thread-12 :514254 [dir_watcher.py:_on_file_modified():288] file/dir modified: /nfs/datx/lyk/HiFT/wandb/run-20240513_134445-mzyx01fd/files/output.log
2024-05-13 13:45:14,622 INFO    Thread-12 :514254 [dir_watcher.py:_on_file_modified():288] file/dir modified: /nfs/datx/lyk/HiFT/wandb/run-20240513_134445-mzyx01fd/files/output.log
2024-05-13 13:45:15,624 INFO    Thread-12 :514254 [dir_watcher.py:_on_file_modified():288] file/dir modified: /nfs/datx/lyk/HiFT/wandb/run-20240513_134445-mzyx01fd/files/output.log
2024-05-13 13:45:16,626 INFO    Thread-12 :514254 [dir_watcher.py:_on_file_modified():288] file/dir modified: /nfs/datx/lyk/HiFT/wandb/run-20240513_134445-mzyx01fd/files/output.log
2024-05-13 13:45:17,627 INFO    Thread-12 :514254 [dir_watcher.py:_on_file_modified():288] file/dir modified: /nfs/datx/lyk/HiFT/wandb/run-20240513_134445-mzyx01fd/files/output.log
2024-05-13 13:45:18,043 DEBUG   HandlerThread:514254 [handler.py:handle_request():146] handle_request: status_report
2024-05-13 13:45:18,628 INFO    Thread-12 :514254 [dir_watcher.py:_on_file_modified():288] file/dir modified: /nfs/datx/lyk/HiFT/wandb/run-20240513_134445-mzyx01fd/files/config.yaml
2024-05-13 13:45:18,629 INFO    Thread-12 :514254 [dir_watcher.py:_on_file_modified():288] file/dir modified: /nfs/datx/lyk/HiFT/wandb/run-20240513_134445-mzyx01fd/files/output.log
2024-05-13 13:45:19,630 INFO    Thread-12 :514254 [dir_watcher.py:_on_file_modified():288] file/dir modified: /nfs/datx/lyk/HiFT/wandb/run-20240513_134445-mzyx01fd/files/output.log
2024-05-13 13:45:20,631 INFO    Thread-12 :514254 [dir_watcher.py:_on_file_modified():288] file/dir modified: /nfs/datx/lyk/HiFT/wandb/run-20240513_134445-mzyx01fd/files/output.log
2024-05-13 13:45:21,632 INFO    Thread-12 :514254 [dir_watcher.py:_on_file_modified():288] file/dir modified: /nfs/datx/lyk/HiFT/wandb/run-20240513_134445-mzyx01fd/files/output.log
2024-05-13 13:45:22,074 DEBUG   HandlerThread:514254 [handler.py:handle_request():146] handle_request: stop_status
2024-05-13 13:45:22,074 DEBUG   HandlerThread:514254 [handler.py:handle_request():146] handle_request: internal_messages
2024-05-13 13:45:22,075 DEBUG   SenderThread:514254 [sender.py:send_request():409] send_request: stop_status
2024-05-13 13:45:23,338 DEBUG   HandlerThread:514254 [handler.py:handle_request():146] handle_request: status_report
2024-05-13 13:45:23,635 INFO    Thread-12 :514254 [dir_watcher.py:_on_file_modified():288] file/dir modified: /nfs/datx/lyk/HiFT/wandb/run-20240513_134445-mzyx01fd/files/output.log
2024-05-13 13:45:24,636 INFO    Thread-12 :514254 [dir_watcher.py:_on_file_modified():288] file/dir modified: /nfs/datx/lyk/HiFT/wandb/run-20240513_134445-mzyx01fd/files/output.log
2024-05-13 13:45:25,637 INFO    Thread-12 :514254 [dir_watcher.py:_on_file_modified():288] file/dir modified: /nfs/datx/lyk/HiFT/wandb/run-20240513_134445-mzyx01fd/files/output.log
2024-05-13 13:45:26,639 INFO    Thread-12 :514254 [dir_watcher.py:_on_file_modified():288] file/dir modified: /nfs/datx/lyk/HiFT/wandb/run-20240513_134445-mzyx01fd/files/output.log
2024-05-13 13:45:27,640 INFO    Thread-12 :514254 [dir_watcher.py:_on_file_modified():288] file/dir modified: /nfs/datx/lyk/HiFT/wandb/run-20240513_134445-mzyx01fd/files/output.log
2024-05-13 13:45:28,641 INFO    Thread-12 :514254 [dir_watcher.py:_on_file_modified():288] file/dir modified: /nfs/datx/lyk/HiFT/wandb/run-20240513_134445-mzyx01fd/files/output.log
2024-05-13 13:45:29,255 DEBUG   HandlerThread:514254 [handler.py:handle_request():146] handle_request: status_report
2024-05-13 13:45:29,642 INFO    Thread-12 :514254 [dir_watcher.py:_on_file_modified():288] file/dir modified: /nfs/datx/lyk/HiFT/wandb/run-20240513_134445-mzyx01fd/files/output.log
2024-05-13 13:45:31,644 INFO    Thread-12 :514254 [dir_watcher.py:_on_file_modified():288] file/dir modified: /nfs/datx/lyk/HiFT/wandb/run-20240513_134445-mzyx01fd/files/output.log
2024-05-13 13:45:32,273 DEBUG   HandlerThread:514254 [handler.py:handle_request():146] handle_request: partial_history
2024-05-13 13:45:32,274 DEBUG   SenderThread:514254 [sender.py:send():382] send: history
2024-05-13 13:45:32,274 DEBUG   SenderThread:514254 [sender.py:send_request():409] send_request: summary_record
2024-05-13 13:45:32,275 INFO    SenderThread:514254 [sender.py:_save_file():1392] saving file wandb-summary.json with policy end
2024-05-13 13:45:32,645 INFO    Thread-12 :514254 [dir_watcher.py:_on_file_modified():288] file/dir modified: /nfs/datx/lyk/HiFT/wandb/run-20240513_134445-mzyx01fd/files/wandb-summary.json
2024-05-13 13:45:32,646 INFO    Thread-12 :514254 [dir_watcher.py:_on_file_modified():288] file/dir modified: /nfs/datx/lyk/HiFT/wandb/run-20240513_134445-mzyx01fd/files/output.log
2024-05-13 13:45:33,646 INFO    Thread-12 :514254 [dir_watcher.py:_on_file_modified():288] file/dir modified: /nfs/datx/lyk/HiFT/wandb/run-20240513_134445-mzyx01fd/files/output.log
2024-05-13 13:45:34,342 DEBUG   HandlerThread:514254 [handler.py:handle_request():146] handle_request: status_report
2024-05-13 13:45:35,648 INFO    Thread-12 :514254 [dir_watcher.py:_on_file_modified():288] file/dir modified: /nfs/datx/lyk/HiFT/wandb/run-20240513_134445-mzyx01fd/files/output.log
2024-05-13 13:45:36,650 INFO    Thread-12 :514254 [dir_watcher.py:_on_file_modified():288] file/dir modified: /nfs/datx/lyk/HiFT/wandb/run-20240513_134445-mzyx01fd/files/output.log
2024-05-13 13:45:37,073 DEBUG   HandlerThread:514254 [handler.py:handle_request():146] handle_request: stop_status
2024-05-13 13:45:37,074 DEBUG   SenderThread:514254 [sender.py:send_request():409] send_request: stop_status
2024-05-13 13:45:37,075 DEBUG   HandlerThread:514254 [handler.py:handle_request():146] handle_request: internal_messages
2024-05-13 13:45:37,651 INFO    Thread-12 :514254 [dir_watcher.py:_on_file_modified():288] file/dir modified: /nfs/datx/lyk/HiFT/wandb/run-20240513_134445-mzyx01fd/files/output.log
2024-05-13 13:45:38,652 INFO    Thread-12 :514254 [dir_watcher.py:_on_file_modified():288] file/dir modified: /nfs/datx/lyk/HiFT/wandb/run-20240513_134445-mzyx01fd/files/output.log
2024-05-13 13:45:39,390 DEBUG   HandlerThread:514254 [handler.py:handle_request():146] handle_request: status_report
2024-05-13 13:45:39,654 INFO    Thread-12 :514254 [dir_watcher.py:_on_file_modified():288] file/dir modified: /nfs/datx/lyk/HiFT/wandb/run-20240513_134445-mzyx01fd/files/output.log
2024-05-13 13:45:40,655 INFO    Thread-12 :514254 [dir_watcher.py:_on_file_modified():288] file/dir modified: /nfs/datx/lyk/HiFT/wandb/run-20240513_134445-mzyx01fd/files/output.log
2024-05-13 13:45:41,657 INFO    Thread-12 :514254 [dir_watcher.py:_on_file_modified():288] file/dir modified: /nfs/datx/lyk/HiFT/wandb/run-20240513_134445-mzyx01fd/files/output.log
2024-05-13 13:45:43,659 INFO    Thread-12 :514254 [dir_watcher.py:_on_file_modified():288] file/dir modified: /nfs/datx/lyk/HiFT/wandb/run-20240513_134445-mzyx01fd/files/output.log
2024-05-13 13:45:44,660 INFO    Thread-12 :514254 [dir_watcher.py:_on_file_modified():288] file/dir modified: /nfs/datx/lyk/HiFT/wandb/run-20240513_134445-mzyx01fd/files/output.log
2024-05-13 13:45:45,313 DEBUG   HandlerThread:514254 [handler.py:handle_request():146] handle_request: status_report
2024-05-13 13:45:45,662 INFO    Thread-12 :514254 [dir_watcher.py:_on_file_modified():288] file/dir modified: /nfs/datx/lyk/HiFT/wandb/run-20240513_134445-mzyx01fd/files/output.log
2024-05-13 13:45:45,698 DEBUG   SystemMonitor:514254 [system_monitor.py:_start():172] Starting system metrics aggregation loop
2024-05-13 13:45:45,701 DEBUG   SenderThread:514254 [sender.py:send():382] send: stats
2024-05-13 13:45:46,663 INFO    Thread-12 :514254 [dir_watcher.py:_on_file_modified():288] file/dir modified: /nfs/datx/lyk/HiFT/wandb/run-20240513_134445-mzyx01fd/files/output.log
2024-05-13 13:45:47,665 INFO    Thread-12 :514254 [dir_watcher.py:_on_file_modified():288] file/dir modified: /nfs/datx/lyk/HiFT/wandb/run-20240513_134445-mzyx01fd/files/output.log
2024-05-13 13:45:48,666 INFO    Thread-12 :514254 [dir_watcher.py:_on_file_modified():288] file/dir modified: /nfs/datx/lyk/HiFT/wandb/run-20240513_134445-mzyx01fd/files/output.log
2024-05-13 13:45:49,668 INFO    Thread-12 :514254 [dir_watcher.py:_on_file_modified():288] file/dir modified: /nfs/datx/lyk/HiFT/wandb/run-20240513_134445-mzyx01fd/files/output.log
2024-05-13 13:45:50,435 DEBUG   HandlerThread:514254 [handler.py:handle_request():146] handle_request: status_report
2024-05-13 13:45:50,669 INFO    Thread-12 :514254 [dir_watcher.py:_on_file_modified():288] file/dir modified: /nfs/datx/lyk/HiFT/wandb/run-20240513_134445-mzyx01fd/files/output.log
2024-05-13 13:45:51,235 DEBUG   HandlerThread:514254 [handler.py:handle_request():146] handle_request: partial_history
2024-05-13 13:45:51,236 DEBUG   SenderThread:514254 [sender.py:send():382] send: history
2024-05-13 13:45:51,236 DEBUG   SenderThread:514254 [sender.py:send_request():409] send_request: summary_record
2024-05-13 13:45:51,237 INFO    SenderThread:514254 [sender.py:_save_file():1392] saving file wandb-summary.json with policy end
2024-05-13 13:45:51,670 INFO    Thread-12 :514254 [dir_watcher.py:_on_file_modified():288] file/dir modified: /nfs/datx/lyk/HiFT/wandb/run-20240513_134445-mzyx01fd/files/wandb-summary.json
2024-05-13 13:45:51,670 INFO    Thread-12 :514254 [dir_watcher.py:_on_file_modified():288] file/dir modified: /nfs/datx/lyk/HiFT/wandb/run-20240513_134445-mzyx01fd/files/output.log
2024-05-13 13:45:52,074 DEBUG   HandlerThread:514254 [handler.py:handle_request():146] handle_request: stop_status
2024-05-13 13:45:52,075 DEBUG   SenderThread:514254 [sender.py:send_request():409] send_request: stop_status
2024-05-13 13:45:52,078 DEBUG   HandlerThread:514254 [handler.py:handle_request():146] handle_request: internal_messages
2024-05-13 13:45:52,672 INFO    Thread-12 :514254 [dir_watcher.py:_on_file_modified():288] file/dir modified: /nfs/datx/lyk/HiFT/wandb/run-20240513_134445-mzyx01fd/files/output.log
2024-05-13 13:45:53,673 INFO    Thread-12 :514254 [dir_watcher.py:_on_file_modified():288] file/dir modified: /nfs/datx/lyk/HiFT/wandb/run-20240513_134445-mzyx01fd/files/output.log
2024-05-13 13:45:54,674 INFO    Thread-12 :514254 [dir_watcher.py:_on_file_modified():288] file/dir modified: /nfs/datx/lyk/HiFT/wandb/run-20240513_134445-mzyx01fd/files/output.log
2024-05-13 13:45:55,675 INFO    Thread-12 :514254 [dir_watcher.py:_on_file_modified():288] file/dir modified: /nfs/datx/lyk/HiFT/wandb/run-20240513_134445-mzyx01fd/files/output.log
2024-05-13 13:45:56,298 DEBUG   HandlerThread:514254 [handler.py:handle_request():146] handle_request: status_report
2024-05-13 13:46:01,299 DEBUG   HandlerThread:514254 [handler.py:handle_request():146] handle_request: status_report
2024-05-13 13:46:03,717 INFO    memory    :514254 [interfaces.py:monitor():140] Process proc.memory.rssMB has exited.
2024-05-13 13:46:03,718 DEBUG   SystemMonitor:514254 [system_monitor.py:_start():179] Finished system metrics aggregation loop
2024-05-13 13:46:03,718 DEBUG   SystemMonitor:514254 [system_monitor.py:_start():183] Publishing last batch of metrics
2024-05-13 13:46:03,719 DEBUG   SenderThread:514254 [sender.py:send():382] send: stats
2024-05-13 13:46:04,669 INFO    MainThread:514254 [internal.py:handle_exit():76] Internal process exited
