2024-05-14 01:45:17,893 INFO    StreamThr :2413359 [internal.py:wandb_internal():86] W&B internal server running at pid: 2413359, started at: 2024-05-14 01:45:17.891154
2024-05-14 01:45:17,895 DEBUG   HandlerThread:2413359 [handler.py:handle_request():146] handle_request: status
2024-05-14 01:45:17,902 INFO    WriterThread:2413359 [datastore.py:open_for_write():85] open: /nfs/datx/lyk/HiFT/wandb/run-20240514_014517-3iyt5w71/run-3iyt5w71.wandb
2024-05-14 01:45:17,905 DEBUG   SenderThread:2413359 [sender.py:send():382] send: header
2024-05-14 01:45:17,905 DEBUG   SenderThread:2413359 [sender.py:send():382] send: run
2024-05-14 01:45:18,290 INFO    SenderThread:2413359 [dir_watcher.py:__init__():211] watching files in: /nfs/datx/lyk/HiFT/wandb/run-20240514_014517-3iyt5w71/files
2024-05-14 01:45:18,290 INFO    SenderThread:2413359 [sender.py:_start_run_threads():1136] run started: 3iyt5w71 with start time 1715643917.898862
2024-05-14 01:45:18,301 DEBUG   HandlerThread:2413359 [handler.py:handle_request():146] handle_request: check_version
2024-05-14 01:45:18,301 DEBUG   SenderThread:2413359 [sender.py:send_request():409] send_request: check_version
2024-05-14 01:45:18,364 DEBUG   HandlerThread:2413359 [handler.py:handle_request():146] handle_request: run_start
2024-05-14 01:45:18,392 DEBUG   HandlerThread:2413359 [system_info.py:__init__():32] System info init
2024-05-14 01:45:18,392 DEBUG   HandlerThread:2413359 [system_info.py:__init__():47] System info init done
2024-05-14 01:45:18,392 INFO    HandlerThread:2413359 [system_monitor.py:start():194] Starting system monitor
2024-05-14 01:45:18,392 INFO    SystemMonitor:2413359 [system_monitor.py:_start():158] Starting system asset monitoring threads
2024-05-14 01:45:18,393 INFO    HandlerThread:2413359 [system_monitor.py:probe():214] Collecting system info
2024-05-14 01:45:18,394 INFO    SystemMonitor:2413359 [interfaces.py:start():190] Started cpu monitoring
2024-05-14 01:45:18,395 INFO    SystemMonitor:2413359 [interfaces.py:start():190] Started disk monitoring
2024-05-14 01:45:18,396 INFO    SystemMonitor:2413359 [interfaces.py:start():190] Started gpu monitoring
2024-05-14 01:45:18,397 INFO    SystemMonitor:2413359 [interfaces.py:start():190] Started memory monitoring
2024-05-14 01:45:18,397 INFO    SystemMonitor:2413359 [interfaces.py:start():190] Started network monitoring
2024-05-14 01:45:18,476 DEBUG   HandlerThread:2413359 [system_info.py:probe():196] Probing system
2024-05-14 01:45:18,486 DEBUG   HandlerThread:2413359 [gitlib.py:_init_repo():56] git repository is invalid
2024-05-14 01:45:18,486 DEBUG   HandlerThread:2413359 [system_info.py:probe():244] Probing system done
2024-05-14 01:45:18,486 DEBUG   HandlerThread:2413359 [system_monitor.py:probe():223] {'os': 'Linux-5.15.0-97-generic-x86_64-with-glibc2.10', 'python': '3.8.5', 'heartbeatAt': '2024-05-13T23:45:18.476607', 'startedAt': '2024-05-13T23:45:17.843273', 'docker': None, 'cuda': None, 'args': ('--model_type', 'llama', '--HiTaskType', 'CAUSAL_LM', '--optim', 'lamb_8bit', '--deepspeed', 'dsconfig/zero0_config.json', '--model_name_or_path', '/mounts/work/lyk/hierFT/llama2-7b', '--dataset_dir', 'data/alpaca_data', '--validation_split_percentage', '0.01', '--per_device_train_batch_size', '8', '--per_device_eval_batch_size', '8', '--do_train', '--do_eval', '--seed', '12345', '--fp16', '--num_train_epochs', '1', '--lr_scheduler_type', 'cosine', '--learning_rate', '2e-5', '--warmup_ratio', '0', '--weight_decay', '0', '--logging_strategy', 'steps', '--logging_steps', '10', '--save_strategy', 'steps', '--save_total_limit', '3', '--evaluation_strategy', 'steps', '--eval_steps', '100', '--save_steps', '200', '--preprocessing_num_workers', '4', '--max_seq_length', '512', '--output_dir', 'outputs/instruct_tuning/model', '--overwrite_output_dir', '--logging_first_step', 'True', '--lora_rank', '8', '--torch_dtype', 'float16', '--ddp_find_unused_parameters', 'False', '--load_best_model_at_end', '--hier_tuning', '--group_element', '1', '--optimizer_strategy', 'down2up'), 'state': 'running', 'program': 'examples/instruct_tuning.py', 'codePathLocal': 'examples/instruct_tuning.py', 'codePath': 'examples/instruct_tuning.py', 'host': 'rho2', 'username': 'yongkang', 'executable': '/mounts/work/lyk/anaconda3/envs/torch2/bin/python', 'cpu_count': 32, 'cpu_count_logical': 64, 'cpu_freq': {'current': 2123.8713125, 'min': 1500.0, 'max': 3000.0}, 'cpu_freq_per_core': [{'current': 1500.0, 'min': 1500.0, 'max': 3000.0}, {'current': 1500.0, 'min': 1500.0, 'max': 3000.0}, {'current': 3676.481, 'min': 1500.0, 'max': 3000.0}, {'current': 1500.0, 'min': 1500.0, 'max': 3000.0}, {'current': 1500.0, 'min': 1500.0, 'max': 3000.0}, {'current': 1500.0, 'min': 1500.0, 'max': 3000.0}, {'current': 3676.793, 'min': 1500.0, 'max': 3000.0}, {'current': 3000.0, 'min': 1500.0, 'max': 3000.0}, {'current': 1500.0, 'min': 1500.0, 'max': 3000.0}, {'current': 3000.0, 'min': 1500.0, 'max': 3000.0}, {'current': 3000.0, 'min': 1500.0, 'max': 3000.0}, {'current': 3000.0, 'min': 1500.0, 'max': 3000.0}, {'current': 1500.0, 'min': 1500.0, 'max': 3000.0}, {'current': 1500.0, 'min': 1500.0, 'max': 3000.0}, {'current': 3676.643, 'min': 1500.0, 'max': 3000.0}, {'current': 1500.0, 'min': 1500.0, 'max': 3000.0}, {'current': 1500.0, 'min': 1500.0, 'max': 3000.0}, {'current': 1500.0, 'min': 1500.0, 'max': 3000.0}, {'current': 1500.0, 'min': 1500.0, 'max': 3000.0}, {'current': 1500.0, 'min': 1500.0, 'max': 3000.0}, {'current': 1500.0, 'min': 1500.0, 'max': 3000.0}, {'current': 2958.773, 'min': 1500.0, 'max': 3000.0}, {'current': 2200.0, 'min': 1500.0, 'max': 3000.0}, {'current': 3000.0, 'min': 1500.0, 'max': 3000.0}, {'current': 1500.0, 'min': 1500.0, 'max': 3000.0}, {'current': 1500.0, 'min': 1500.0, 'max': 3000.0}, {'current': 1500.0, 'min': 1500.0, 'max': 3000.0}, {'current': 1500.0, 'min': 1500.0, 'max': 3000.0}, {'current': 1500.0, 'min': 1500.0, 'max': 3000.0}, {'current': 3699.998, 'min': 1500.0, 'max': 3000.0}, {'current': 1500.0, 'min': 1500.0, 'max': 3000.0}, {'current': 3000.0, 'min': 1500.0, 'max': 3000.0}, {'current': 1500.0, 'min': 1500.0, 'max': 3000.0}, {'current': 1500.0, 'min': 1500.0, 'max': 3000.0}, {'current': 1500.0, 'min': 1500.0, 'max': 3000.0}, {'current': 3000.0, 'min': 1500.0, 'max': 3000.0}, {'current': 1500.0, 'min': 1500.0, 'max': 3000.0}, {'current': 1500.0, 'min': 1500.0, 'max': 3000.0}, {'current': 1500.0, 'min': 1500.0, 'max': 3000.0}, {'current': 3000.0, 'min': 1500.0, 'max': 3000.0}, {'current': 1500.0, 'min': 1500.0, 'max': 3000.0}, {'current': 1500.0, 'min': 1500.0, 'max': 3000.0}, {'current': 1500.0, 'min': 1500.0, 'max': 3000.0}, {'current': 3675.701, 'min': 1500.0, 'max': 3000.0}, {'current': 1500.0, 'min': 1500.0, 'max': 3000.0}, {'current': 1500.0, 'min': 1500.0, 'max': 3000.0}, {'current': 3000.0, 'min': 1500.0, 'max': 3000.0}, {'current': 1500.0, 'min': 1500.0, 'max': 3000.0}, {'current': 3700.24, 'min': 1500.0, 'max': 3000.0}, {'current': 1500.0, 'min': 1500.0, 'max': 3000.0}, {'current': 1500.0, 'min': 1500.0, 'max': 3000.0}, {'current': 1500.0, 'min': 1500.0, 'max': 3000.0}, {'current': 3700.483, 'min': 1500.0, 'max': 3000.0}, {'current': 1500.0, 'min': 1500.0, 'max': 3000.0}, {'current': 1500.0, 'min': 1500.0, 'max': 3000.0}, {'current': 1500.0, 'min': 1500.0, 'max': 3000.0}, {'current': 1500.0, 'min': 1500.0, 'max': 3000.0}, {'current': 3000.0, 'min': 1500.0, 'max': 3000.0}, {'current': 3000.0, 'min': 1500.0, 'max': 3000.0}, {'current': 3699.397, 'min': 1500.0, 'max': 3000.0}, {'current': 3000.0, 'min': 1500.0, 'max': 3000.0}, {'current': 1500.0, 'min': 1500.0, 'max': 3000.0}, {'current': 2200.0, 'min': 1500.0, 'max': 3000.0}, {'current': 1500.0, 'min': 1500.0, 'max': 3000.0}], 'disk': {'/': {'total': 878.1072120666504, 'used': 56.62017059326172}}, 'gpu': 'NVIDIA RTX A6000', 'gpu_count': 8, 'gpu_devices': [{'name': 'NVIDIA RTX A6000', 'memory_total': 51527024640}, {'name': 'NVIDIA RTX A6000', 'memory_total': 51527024640}, {'name': 'NVIDIA RTX A6000', 'memory_total': 51527024640}, {'name': 'NVIDIA RTX A6000', 'memory_total': 51527024640}, {'name': 'NVIDIA RTX A6000', 'memory_total': 51527024640}, {'name': 'NVIDIA RTX A6000', 'memory_total': 51527024640}, {'name': 'NVIDIA RTX A6000', 'memory_total': 51527024640}, {'name': 'NVIDIA RTX A6000', 'memory_total': 51527024640}], 'memory': {'total': 251.7312126159668}}
2024-05-14 01:45:18,486 INFO    HandlerThread:2413359 [system_monitor.py:probe():224] Finished collecting system info
2024-05-14 01:45:18,487 INFO    HandlerThread:2413359 [system_monitor.py:probe():227] Publishing system info
2024-05-14 01:45:18,487 DEBUG   HandlerThread:2413359 [system_info.py:_save_pip():52] Saving list of pip packages installed into the current environment
2024-05-14 01:45:18,493 DEBUG   HandlerThread:2413359 [system_info.py:_save_pip():68] Saving pip packages done
2024-05-14 01:45:18,495 DEBUG   HandlerThread:2413359 [system_info.py:_save_conda():75] Saving list of conda packages installed into the current environment
2024-05-14 01:45:19,295 INFO    Thread-12 :2413359 [dir_watcher.py:_on_file_created():271] file/dir created: /nfs/datx/lyk/HiFT/wandb/run-20240514_014517-3iyt5w71/files/requirements.txt
2024-05-14 01:45:19,296 INFO    Thread-12 :2413359 [dir_watcher.py:_on_file_created():271] file/dir created: /nfs/datx/lyk/HiFT/wandb/run-20240514_014517-3iyt5w71/files/conda-environment.yaml
2024-05-14 01:45:23,039 DEBUG   HandlerThread:2413359 [system_info.py:_save_conda():87] Saving conda packages done
2024-05-14 01:45:23,041 INFO    HandlerThread:2413359 [system_monitor.py:probe():229] Finished publishing system info
2024-05-14 01:45:23,055 DEBUG   SenderThread:2413359 [sender.py:send():382] send: files
2024-05-14 01:45:23,055 INFO    SenderThread:2413359 [sender.py:_save_file():1392] saving file wandb-metadata.json with policy now
2024-05-14 01:45:23,056 DEBUG   HandlerThread:2413359 [handler.py:handle_request():146] handle_request: status_report
2024-05-14 01:45:23,077 DEBUG   HandlerThread:2413359 [handler.py:handle_request():146] handle_request: stop_status
2024-05-14 01:45:23,078 DEBUG   HandlerThread:2413359 [handler.py:handle_request():146] handle_request: internal_messages
2024-05-14 01:45:23,078 DEBUG   SenderThread:2413359 [sender.py:send_request():409] send_request: stop_status
2024-05-14 01:45:23,300 INFO    Thread-12 :2413359 [dir_watcher.py:_on_file_modified():288] file/dir modified: /nfs/datx/lyk/HiFT/wandb/run-20240514_014517-3iyt5w71/files/conda-environment.yaml
2024-05-14 01:45:23,301 INFO    Thread-12 :2413359 [dir_watcher.py:_on_file_created():271] file/dir created: /nfs/datx/lyk/HiFT/wandb/run-20240514_014517-3iyt5w71/files/wandb-metadata.json
2024-05-14 01:45:23,340 DEBUG   SenderThread:2413359 [sender.py:send():382] send: telemetry
2024-05-14 01:45:23,340 DEBUG   SenderThread:2413359 [sender.py:send():382] send: config
2024-05-14 01:45:23,341 DEBUG   SenderThread:2413359 [sender.py:send():382] send: metric
2024-05-14 01:45:23,341 DEBUG   SenderThread:2413359 [sender.py:send():382] send: telemetry
2024-05-14 01:45:23,341 DEBUG   SenderThread:2413359 [sender.py:send():382] send: metric
2024-05-14 01:45:23,341 WARNING SenderThread:2413359 [sender.py:send_metric():1343] Seen metric with glob (shouldn't happen)
2024-05-14 01:45:23,341 DEBUG   SenderThread:2413359 [sender.py:send():382] send: telemetry
2024-05-14 01:45:23,492 ERROR   wandb-upload_0:2413359 [internal_api.py:upload_file():2761] upload_file exception https://storage.googleapis.com/wandb-production.appspot.com/neuzxm/huggingface/3iyt5w71/wandb-metadata.json?Expires=1715730323&GoogleAccessId=gorilla-files-url-signer-man%40wandb-production.iam.gserviceaccount.com&Signature=qZqUE2rzGEvLrRlVh%2F%2B3SI6Zou43IkLZ%2BZjFzQ%2FNi6AWAaMocrf%2FyCNx4xT9ZosFRAaHL1rOd79eNHii9JUE2E5l0XGGdIwkzvq%2BivdukXKE0fWKSRp0OFJRm%2FFcikJgNFp8Y2YFhAQI8RQWlENhSaUIBZUF8o56WRVKkObJCKuGo8j3clniKKfssEjzdFFrIcX8d3XdUej4xBL3AsQpSShjR9hQFQnB4C5Rjvhrqbx%2FBpMpVKa7hd8GvRW07bcUq%2FBRVBtEilVt%2FG3%2F3lwvGYS%2B3rjsg0yn%2BxkfgMDMKk%2BjZ6lWODsVmiCbMvJUd0iS27dWBH1Vv2fMP5dGJ7pdWg%3D%3D: 403 Client Error: Forbidden for url: https://storage.googleapis.com/wandb-production.appspot.com/neuzxm/huggingface/3iyt5w71/wandb-metadata.json?Expires=1715730323&GoogleAccessId=gorilla-files-url-signer-man%40wandb-production.iam.gserviceaccount.com&Signature=qZqUE2rzGEvLrRlVh%2F%2B3SI6Zou43IkLZ%2BZjFzQ%2FNi6AWAaMocrf%2FyCNx4xT9ZosFRAaHL1rOd79eNHii9JUE2E5l0XGGdIwkzvq%2BivdukXKE0fWKSRp0OFJRm%2FFcikJgNFp8Y2YFhAQI8RQWlENhSaUIBZUF8o56WRVKkObJCKuGo8j3clniKKfssEjzdFFrIcX8d3XdUej4xBL3AsQpSShjR9hQFQnB4C5Rjvhrqbx%2FBpMpVKa7hd8GvRW07bcUq%2FBRVBtEilVt%2FG3%2F3lwvGYS%2B3rjsg0yn%2BxkfgMDMKk%2BjZ6lWODsVmiCbMvJUd0iS27dWBH1Vv2fMP5dGJ7pdWg%3D%3D
2024-05-14 01:45:23,492 ERROR   wandb-upload_0:2413359 [internal_api.py:upload_file():2763] upload_file request headers: {'User-Agent': 'python-requests/2.31.0', 'Accept-Encoding': 'gzip, deflate, br', 'Accept': '*/*', 'Connection': 'keep-alive', 'Content-Length': '10142'}
2024-05-14 01:45:23,493 ERROR   wandb-upload_0:2413359 [internal_api.py:upload_file():2765] upload_file response body: b"<?xml version='1.0' encoding='UTF-8'?><Error><Code>AccessDenied</Code><Message>Access denied.</Message><Details>We're sorry, but this service is not available in your location</Details></Error>"
2024-05-14 01:45:23,590 ERROR   wandb-upload_0:2413359 [upload_job.py:push():134] Failed to upload file: /tmp/tmp96aygt2xwandb/a0nbtuf5-wandb-metadata.json
Traceback (most recent call last):
  File "/mounts/work/lyk/anaconda3/envs/torch2/lib/python3.8/site-packages/wandb/apis/normalize.py", line 41, in wrapper
    return func(*args, **kwargs)
  File "/mounts/work/lyk/anaconda3/envs/torch2/lib/python3.8/site-packages/wandb/sdk/lib/retry.py", line 212, in wrapped_fn
    return retrier(*args, **kargs)
  File "/mounts/work/lyk/anaconda3/envs/torch2/lib/python3.8/site-packages/wandb/sdk/lib/retry.py", line 131, in __call__
    result = self._call_fn(*args, **kwargs)
  File "/mounts/work/lyk/anaconda3/envs/torch2/lib/python3.8/site-packages/wandb/sdk/internal/internal_api.py", line 2787, in upload_file
    wandb._sentry.reraise(e)
  File "/mounts/work/lyk/anaconda3/envs/torch2/lib/python3.8/site-packages/wandb/analytics/sentry.py", line 154, in reraise
    raise exc.with_traceback(sys.exc_info()[2])
  File "/mounts/work/lyk/anaconda3/envs/torch2/lib/python3.8/site-packages/wandb/sdk/internal/internal_api.py", line 2759, in upload_file
    response.raise_for_status()
  File "/mounts/work/lyk/anaconda3/envs/torch2/lib/python3.8/site-packages/requests/models.py", line 1021, in raise_for_status
    raise HTTPError(http_error_msg, response=self)
requests.exceptions.HTTPError: 403 Client Error: Forbidden for url: https://storage.googleapis.com/wandb-production.appspot.com/neuzxm/huggingface/3iyt5w71/wandb-metadata.json?Expires=1715730323&GoogleAccessId=gorilla-files-url-signer-man%40wandb-production.iam.gserviceaccount.com&Signature=qZqUE2rzGEvLrRlVh%2F%2B3SI6Zou43IkLZ%2BZjFzQ%2FNi6AWAaMocrf%2FyCNx4xT9ZosFRAaHL1rOd79eNHii9JUE2E5l0XGGdIwkzvq%2BivdukXKE0fWKSRp0OFJRm%2FFcikJgNFp8Y2YFhAQI8RQWlENhSaUIBZUF8o56WRVKkObJCKuGo8j3clniKKfssEjzdFFrIcX8d3XdUej4xBL3AsQpSShjR9hQFQnB4C5Rjvhrqbx%2FBpMpVKa7hd8GvRW07bcUq%2FBRVBtEilVt%2FG3%2F3lwvGYS%2B3rjsg0yn%2BxkfgMDMKk%2BjZ6lWODsVmiCbMvJUd0iS27dWBH1Vv2fMP5dGJ7pdWg%3D%3D

During handling of the above exception, another exception occurred:

Traceback (most recent call last):
  File "/mounts/work/lyk/anaconda3/envs/torch2/lib/python3.8/site-packages/wandb/filesync/upload_job.py", line 125, in push
    self._api.upload_file_retry(
  File "/mounts/work/lyk/anaconda3/envs/torch2/lib/python3.8/site-packages/wandb/apis/normalize.py", line 51, in wrapper
    raise CommError(message, error)
wandb.errors.CommError: <Response [403]>
2024-05-14 01:45:23,624 ERROR   Thread-11 :2413359 [step_upload.py:_handle_event():200] Failed to upload file: /tmp/tmp96aygt2xwandb/a0nbtuf5-wandb-metadata.json
Traceback (most recent call last):
  File "/mounts/work/lyk/anaconda3/envs/torch2/lib/python3.8/site-packages/wandb/apis/normalize.py", line 41, in wrapper
    return func(*args, **kwargs)
  File "/mounts/work/lyk/anaconda3/envs/torch2/lib/python3.8/site-packages/wandb/sdk/lib/retry.py", line 212, in wrapped_fn
    return retrier(*args, **kargs)
  File "/mounts/work/lyk/anaconda3/envs/torch2/lib/python3.8/site-packages/wandb/sdk/lib/retry.py", line 131, in __call__
    result = self._call_fn(*args, **kwargs)
  File "/mounts/work/lyk/anaconda3/envs/torch2/lib/python3.8/site-packages/wandb/sdk/internal/internal_api.py", line 2787, in upload_file
    wandb._sentry.reraise(e)
  File "/mounts/work/lyk/anaconda3/envs/torch2/lib/python3.8/site-packages/wandb/analytics/sentry.py", line 154, in reraise
    raise exc.with_traceback(sys.exc_info()[2])
  File "/mounts/work/lyk/anaconda3/envs/torch2/lib/python3.8/site-packages/wandb/sdk/internal/internal_api.py", line 2759, in upload_file
    response.raise_for_status()
  File "/mounts/work/lyk/anaconda3/envs/torch2/lib/python3.8/site-packages/requests/models.py", line 1021, in raise_for_status
    raise HTTPError(http_error_msg, response=self)
requests.exceptions.HTTPError: 403 Client Error: Forbidden for url: https://storage.googleapis.com/wandb-production.appspot.com/neuzxm/huggingface/3iyt5w71/wandb-metadata.json?Expires=1715730323&GoogleAccessId=gorilla-files-url-signer-man%40wandb-production.iam.gserviceaccount.com&Signature=qZqUE2rzGEvLrRlVh%2F%2B3SI6Zou43IkLZ%2BZjFzQ%2FNi6AWAaMocrf%2FyCNx4xT9ZosFRAaHL1rOd79eNHii9JUE2E5l0XGGdIwkzvq%2BivdukXKE0fWKSRp0OFJRm%2FFcikJgNFp8Y2YFhAQI8RQWlENhSaUIBZUF8o56WRVKkObJCKuGo8j3clniKKfssEjzdFFrIcX8d3XdUej4xBL3AsQpSShjR9hQFQnB4C5Rjvhrqbx%2FBpMpVKa7hd8GvRW07bcUq%2FBRVBtEilVt%2FG3%2F3lwvGYS%2B3rjsg0yn%2BxkfgMDMKk%2BjZ6lWODsVmiCbMvJUd0iS27dWBH1Vv2fMP5dGJ7pdWg%3D%3D

During handling of the above exception, another exception occurred:

Traceback (most recent call last):
  File "/mounts/work/lyk/anaconda3/envs/torch2/lib/python3.8/concurrent/futures/thread.py", line 57, in run
    result = self.fn(*self.args, **self.kwargs)
  File "/mounts/work/lyk/anaconda3/envs/torch2/lib/python3.8/site-packages/wandb/filesync/step_upload.py", line 288, in run_and_notify
    self._do_upload_sync(event)
  File "/mounts/work/lyk/anaconda3/envs/torch2/lib/python3.8/site-packages/wandb/filesync/step_upload.py", line 330, in _do_upload_sync
    job.run()
  File "/mounts/work/lyk/anaconda3/envs/torch2/lib/python3.8/site-packages/wandb/filesync/upload_job.py", line 57, in run
    self.push()
  File "/mounts/work/lyk/anaconda3/envs/torch2/lib/python3.8/site-packages/wandb/filesync/upload_job.py", line 125, in push
    self._api.upload_file_retry(
  File "/mounts/work/lyk/anaconda3/envs/torch2/lib/python3.8/site-packages/wandb/apis/normalize.py", line 51, in wrapper
    raise CommError(message, error)
wandb.errors.CommError: <Response [403]>
2024-05-14 01:45:24,302 INFO    Thread-12 :2413359 [dir_watcher.py:_on_file_created():271] file/dir created: /nfs/datx/lyk/HiFT/wandb/run-20240514_014517-3iyt5w71/files/output.log
2024-05-14 01:45:24,687 DEBUG   HandlerThread:2413359 [handler.py:handle_request():146] handle_request: partial_history
2024-05-14 01:45:24,689 DEBUG   SenderThread:2413359 [sender.py:send():382] send: metric
2024-05-14 01:45:24,689 DEBUG   SenderThread:2413359 [sender.py:send():382] send: metric
2024-05-14 01:45:24,689 DEBUG   SenderThread:2413359 [sender.py:send():382] send: metric
2024-05-14 01:45:24,689 DEBUG   SenderThread:2413359 [sender.py:send():382] send: history
2024-05-14 01:45:24,689 DEBUG   SenderThread:2413359 [sender.py:send_request():409] send_request: summary_record
2024-05-14 01:45:24,694 INFO    SenderThread:2413359 [sender.py:_save_file():1392] saving file wandb-summary.json with policy end
2024-05-14 01:45:25,308 INFO    Thread-12 :2413359 [dir_watcher.py:_on_file_created():271] file/dir created: /nfs/datx/lyk/HiFT/wandb/run-20240514_014517-3iyt5w71/files/wandb-summary.json
2024-05-14 01:45:26,310 INFO    Thread-12 :2413359 [dir_watcher.py:_on_file_modified():288] file/dir modified: /nfs/datx/lyk/HiFT/wandb/run-20240514_014517-3iyt5w71/files/output.log
2024-05-14 01:45:28,316 INFO    Thread-12 :2413359 [dir_watcher.py:_on_file_modified():288] file/dir modified: /nfs/datx/lyk/HiFT/wandb/run-20240514_014517-3iyt5w71/files/output.log
2024-05-14 01:45:28,476 DEBUG   HandlerThread:2413359 [handler.py:handle_request():146] handle_request: status_report
2024-05-14 01:45:30,325 INFO    Thread-12 :2413359 [dir_watcher.py:_on_file_modified():288] file/dir modified: /nfs/datx/lyk/HiFT/wandb/run-20240514_014517-3iyt5w71/files/output.log
2024-05-14 01:45:32,328 INFO    Thread-12 :2413359 [dir_watcher.py:_on_file_modified():288] file/dir modified: /nfs/datx/lyk/HiFT/wandb/run-20240514_014517-3iyt5w71/files/output.log
2024-05-14 01:45:33,596 DEBUG   HandlerThread:2413359 [handler.py:handle_request():146] handle_request: status_report
2024-05-14 01:45:34,331 INFO    Thread-12 :2413359 [dir_watcher.py:_on_file_modified():288] file/dir modified: /nfs/datx/lyk/HiFT/wandb/run-20240514_014517-3iyt5w71/files/output.log
2024-05-14 01:45:36,340 INFO    Thread-12 :2413359 [dir_watcher.py:_on_file_modified():288] file/dir modified: /nfs/datx/lyk/HiFT/wandb/run-20240514_014517-3iyt5w71/files/output.log
2024-05-14 01:45:36,582 DEBUG   HandlerThread:2413359 [handler.py:handle_request():146] handle_request: partial_history
2024-05-14 01:45:36,583 DEBUG   SenderThread:2413359 [sender.py:send():382] send: history
2024-05-14 01:45:36,583 DEBUG   SenderThread:2413359 [sender.py:send_request():409] send_request: summary_record
2024-05-14 01:45:36,584 INFO    SenderThread:2413359 [sender.py:_save_file():1392] saving file wandb-summary.json with policy end
2024-05-14 01:45:37,343 INFO    Thread-12 :2413359 [dir_watcher.py:_on_file_modified():288] file/dir modified: /nfs/datx/lyk/HiFT/wandb/run-20240514_014517-3iyt5w71/files/wandb-summary.json
2024-05-14 01:45:38,076 DEBUG   HandlerThread:2413359 [handler.py:handle_request():146] handle_request: stop_status
2024-05-14 01:45:38,077 DEBUG   SenderThread:2413359 [sender.py:send_request():409] send_request: stop_status
2024-05-14 01:45:38,079 DEBUG   HandlerThread:2413359 [handler.py:handle_request():146] handle_request: internal_messages
2024-05-14 01:45:38,346 INFO    Thread-12 :2413359 [dir_watcher.py:_on_file_modified():288] file/dir modified: /nfs/datx/lyk/HiFT/wandb/run-20240514_014517-3iyt5w71/files/output.log
2024-05-14 01:45:39,138 DEBUG   HandlerThread:2413359 [handler.py:handle_request():146] handle_request: status_report
2024-05-14 01:45:40,348 INFO    Thread-12 :2413359 [dir_watcher.py:_on_file_modified():288] file/dir modified: /nfs/datx/lyk/HiFT/wandb/run-20240514_014517-3iyt5w71/files/output.log
2024-05-14 01:45:42,351 INFO    Thread-12 :2413359 [dir_watcher.py:_on_file_modified():288] file/dir modified: /nfs/datx/lyk/HiFT/wandb/run-20240514_014517-3iyt5w71/files/output.log
2024-05-14 01:45:44,354 DEBUG   HandlerThread:2413359 [handler.py:handle_request():146] handle_request: status_report
2024-05-14 01:45:44,355 INFO    Thread-12 :2413359 [dir_watcher.py:_on_file_modified():288] file/dir modified: /nfs/datx/lyk/HiFT/wandb/run-20240514_014517-3iyt5w71/files/output.log
2024-05-14 01:45:46,361 INFO    Thread-12 :2413359 [dir_watcher.py:_on_file_modified():288] file/dir modified: /nfs/datx/lyk/HiFT/wandb/run-20240514_014517-3iyt5w71/files/output.log
2024-05-14 01:45:48,365 INFO    Thread-12 :2413359 [dir_watcher.py:_on_file_modified():288] file/dir modified: /nfs/datx/lyk/HiFT/wandb/run-20240514_014517-3iyt5w71/files/output.log
2024-05-14 01:45:49,194 DEBUG   HandlerThread:2413359 [handler.py:handle_request():146] handle_request: partial_history
2024-05-14 01:45:49,195 DEBUG   SenderThread:2413359 [sender.py:send():382] send: history
2024-05-14 01:45:49,196 DEBUG   SenderThread:2413359 [sender.py:send_request():409] send_request: summary_record
2024-05-14 01:45:49,197 INFO    SenderThread:2413359 [sender.py:_save_file():1392] saving file wandb-summary.json with policy end
2024-05-14 01:45:49,366 INFO    Thread-12 :2413359 [dir_watcher.py:_on_file_modified():288] file/dir modified: /nfs/datx/lyk/HiFT/wandb/run-20240514_014517-3iyt5w71/files/wandb-summary.json
2024-05-14 01:45:50,202 DEBUG   HandlerThread:2413359 [handler.py:handle_request():146] handle_request: status_report
2024-05-14 01:45:50,383 INFO    Thread-12 :2413359 [dir_watcher.py:_on_file_modified():288] file/dir modified: /nfs/datx/lyk/HiFT/wandb/run-20240514_014517-3iyt5w71/files/output.log
2024-05-14 01:45:51,385 INFO    Thread-12 :2413359 [dir_watcher.py:_on_file_modified():288] file/dir modified: /nfs/datx/lyk/HiFT/wandb/run-20240514_014517-3iyt5w71/files/config.yaml
2024-05-14 01:45:52,391 INFO    Thread-12 :2413359 [dir_watcher.py:_on_file_modified():288] file/dir modified: /nfs/datx/lyk/HiFT/wandb/run-20240514_014517-3iyt5w71/files/output.log
2024-05-14 01:45:53,077 DEBUG   HandlerThread:2413359 [handler.py:handle_request():146] handle_request: stop_status
2024-05-14 01:45:53,077 DEBUG   SenderThread:2413359 [sender.py:send_request():409] send_request: stop_status
2024-05-14 01:45:53,079 DEBUG   HandlerThread:2413359 [handler.py:handle_request():146] handle_request: internal_messages
2024-05-14 01:45:54,393 INFO    Thread-12 :2413359 [dir_watcher.py:_on_file_modified():288] file/dir modified: /nfs/datx/lyk/HiFT/wandb/run-20240514_014517-3iyt5w71/files/output.log
2024-05-14 01:45:55,553 DEBUG   HandlerThread:2413359 [handler.py:handle_request():146] handle_request: status_report
2024-05-14 01:45:56,398 INFO    Thread-12 :2413359 [dir_watcher.py:_on_file_modified():288] file/dir modified: /nfs/datx/lyk/HiFT/wandb/run-20240514_014517-3iyt5w71/files/output.log
2024-05-14 01:45:58,403 INFO    Thread-12 :2413359 [dir_watcher.py:_on_file_modified():288] file/dir modified: /nfs/datx/lyk/HiFT/wandb/run-20240514_014517-3iyt5w71/files/output.log
2024-05-14 01:46:00,410 INFO    Thread-12 :2413359 [dir_watcher.py:_on_file_modified():288] file/dir modified: /nfs/datx/lyk/HiFT/wandb/run-20240514_014517-3iyt5w71/files/output.log
2024-05-14 01:46:00,674 DEBUG   HandlerThread:2413359 [handler.py:handle_request():146] handle_request: status_report
2024-05-14 01:46:02,159 DEBUG   HandlerThread:2413359 [handler.py:handle_request():146] handle_request: partial_history
2024-05-14 01:46:02,160 DEBUG   SenderThread:2413359 [sender.py:send():382] send: history
2024-05-14 01:46:02,161 DEBUG   SenderThread:2413359 [sender.py:send_request():409] send_request: summary_record
2024-05-14 01:46:02,162 INFO    SenderThread:2413359 [sender.py:_save_file():1392] saving file wandb-summary.json with policy end
2024-05-14 01:46:02,412 INFO    Thread-12 :2413359 [dir_watcher.py:_on_file_modified():288] file/dir modified: /nfs/datx/lyk/HiFT/wandb/run-20240514_014517-3iyt5w71/files/output.log
2024-05-14 01:46:02,412 INFO    Thread-12 :2413359 [dir_watcher.py:_on_file_modified():288] file/dir modified: /nfs/datx/lyk/HiFT/wandb/run-20240514_014517-3iyt5w71/files/wandb-summary.json
2024-05-14 01:46:04,418 INFO    Thread-12 :2413359 [dir_watcher.py:_on_file_modified():288] file/dir modified: /nfs/datx/lyk/HiFT/wandb/run-20240514_014517-3iyt5w71/files/output.log
2024-05-14 01:46:06,079 DEBUG   HandlerThread:2413359 [handler.py:handle_request():146] handle_request: status_report
2024-05-14 01:46:06,420 INFO    Thread-12 :2413359 [dir_watcher.py:_on_file_modified():288] file/dir modified: /nfs/datx/lyk/HiFT/wandb/run-20240514_014517-3iyt5w71/files/output.log
2024-05-14 01:46:08,076 DEBUG   HandlerThread:2413359 [handler.py:handle_request():146] handle_request: stop_status
2024-05-14 01:46:08,077 DEBUG   SenderThread:2413359 [sender.py:send_request():409] send_request: stop_status
2024-05-14 01:46:08,079 DEBUG   HandlerThread:2413359 [handler.py:handle_request():146] handle_request: internal_messages
2024-05-14 01:46:08,424 INFO    Thread-12 :2413359 [dir_watcher.py:_on_file_modified():288] file/dir modified: /nfs/datx/lyk/HiFT/wandb/run-20240514_014517-3iyt5w71/files/output.log
2024-05-14 01:46:10,435 INFO    Thread-12 :2413359 [dir_watcher.py:_on_file_modified():288] file/dir modified: /nfs/datx/lyk/HiFT/wandb/run-20240514_014517-3iyt5w71/files/output.log
2024-05-14 01:46:11,090 DEBUG   HandlerThread:2413359 [handler.py:handle_request():146] handle_request: status_report
2024-05-14 01:46:11,439 INFO    Thread-12 :2413359 [dir_watcher.py:_on_file_modified():288] file/dir modified: /nfs/datx/lyk/HiFT/wandb/run-20240514_014517-3iyt5w71/files/output.log
2024-05-14 01:46:12,445 INFO    Thread-12 :2413359 [dir_watcher.py:_on_file_modified():288] file/dir modified: /nfs/datx/lyk/HiFT/wandb/run-20240514_014517-3iyt5w71/files/output.log
2024-05-14 01:46:13,450 INFO    Thread-12 :2413359 [dir_watcher.py:_on_file_modified():288] file/dir modified: /nfs/datx/lyk/HiFT/wandb/run-20240514_014517-3iyt5w71/files/output.log
2024-05-14 01:46:14,265 DEBUG   HandlerThread:2413359 [handler.py:handle_request():146] handle_request: partial_history
2024-05-14 01:46:14,266 DEBUG   SenderThread:2413359 [sender.py:send():382] send: history
2024-05-14 01:46:14,267 DEBUG   SenderThread:2413359 [sender.py:send_request():409] send_request: summary_record
2024-05-14 01:46:14,268 INFO    SenderThread:2413359 [sender.py:_save_file():1392] saving file wandb-summary.json with policy end
2024-05-14 01:46:14,475 INFO    Thread-12 :2413359 [dir_watcher.py:_on_file_modified():288] file/dir modified: /nfs/datx/lyk/HiFT/wandb/run-20240514_014517-3iyt5w71/files/output.log
2024-05-14 01:46:14,475 INFO    Thread-12 :2413359 [dir_watcher.py:_on_file_modified():288] file/dir modified: /nfs/datx/lyk/HiFT/wandb/run-20240514_014517-3iyt5w71/files/wandb-summary.json
2024-05-14 01:46:15,491 INFO    Thread-12 :2413359 [dir_watcher.py:_on_file_modified():288] file/dir modified: /nfs/datx/lyk/HiFT/wandb/run-20240514_014517-3iyt5w71/files/output.log
2024-05-14 01:46:16,114 DEBUG   HandlerThread:2413359 [handler.py:handle_request():146] handle_request: status_report
2024-05-14 01:46:16,509 INFO    Thread-12 :2413359 [dir_watcher.py:_on_file_modified():288] file/dir modified: /nfs/datx/lyk/HiFT/wandb/run-20240514_014517-3iyt5w71/files/output.log
2024-05-14 01:46:17,517 INFO    Thread-12 :2413359 [dir_watcher.py:_on_file_modified():288] file/dir modified: /nfs/datx/lyk/HiFT/wandb/run-20240514_014517-3iyt5w71/files/output.log
2024-05-14 01:46:18,398 DEBUG   SystemMonitor:2413359 [system_monitor.py:_start():172] Starting system metrics aggregation loop
2024-05-14 01:46:18,399 DEBUG   SenderThread:2413359 [sender.py:send():382] send: stats
2024-05-14 01:46:18,524 INFO    Thread-12 :2413359 [dir_watcher.py:_on_file_modified():288] file/dir modified: /nfs/datx/lyk/HiFT/wandb/run-20240514_014517-3iyt5w71/files/output.log
2024-05-14 01:46:19,525 INFO    Thread-12 :2413359 [dir_watcher.py:_on_file_modified():288] file/dir modified: /nfs/datx/lyk/HiFT/wandb/run-20240514_014517-3iyt5w71/files/output.log
2024-05-14 01:46:20,539 INFO    Thread-12 :2413359 [dir_watcher.py:_on_file_modified():288] file/dir modified: /nfs/datx/lyk/HiFT/wandb/run-20240514_014517-3iyt5w71/files/output.log
2024-05-14 01:46:21,540 INFO    Thread-12 :2413359 [dir_watcher.py:_on_file_modified():288] file/dir modified: /nfs/datx/lyk/HiFT/wandb/run-20240514_014517-3iyt5w71/files/output.log
2024-05-14 01:46:21,941 DEBUG   HandlerThread:2413359 [handler.py:handle_request():146] handle_request: status_report
2024-05-14 01:46:22,541 INFO    Thread-12 :2413359 [dir_watcher.py:_on_file_modified():288] file/dir modified: /nfs/datx/lyk/HiFT/wandb/run-20240514_014517-3iyt5w71/files/output.log
2024-05-14 01:46:23,077 DEBUG   HandlerThread:2413359 [handler.py:handle_request():146] handle_request: stop_status
2024-05-14 01:46:23,078 DEBUG   SenderThread:2413359 [sender.py:send_request():409] send_request: stop_status
2024-05-14 01:46:23,082 DEBUG   HandlerThread:2413359 [handler.py:handle_request():146] handle_request: internal_messages
2024-05-14 01:46:23,558 INFO    Thread-12 :2413359 [dir_watcher.py:_on_file_modified():288] file/dir modified: /nfs/datx/lyk/HiFT/wandb/run-20240514_014517-3iyt5w71/files/output.log
2024-05-14 01:46:24,575 INFO    Thread-12 :2413359 [dir_watcher.py:_on_file_modified():288] file/dir modified: /nfs/datx/lyk/HiFT/wandb/run-20240514_014517-3iyt5w71/files/output.log
2024-05-14 01:46:25,576 INFO    Thread-12 :2413359 [dir_watcher.py:_on_file_modified():288] file/dir modified: /nfs/datx/lyk/HiFT/wandb/run-20240514_014517-3iyt5w71/files/output.log
2024-05-14 01:46:26,577 INFO    Thread-12 :2413359 [dir_watcher.py:_on_file_modified():288] file/dir modified: /nfs/datx/lyk/HiFT/wandb/run-20240514_014517-3iyt5w71/files/output.log
2024-05-14 01:46:27,006 DEBUG   HandlerThread:2413359 [handler.py:handle_request():146] handle_request: status_report
2024-05-14 01:46:30,444 INFO    memory    :2413359 [interfaces.py:monitor():140] Process proc.memory.rssMB has exited.
2024-05-14 01:46:30,445 DEBUG   SystemMonitor:2413359 [system_monitor.py:_start():179] Finished system metrics aggregation loop
2024-05-14 01:46:30,446 DEBUG   SystemMonitor:2413359 [system_monitor.py:_start():183] Publishing last batch of metrics
2024-05-14 01:46:30,448 DEBUG   SenderThread:2413359 [sender.py:send():382] send: stats
2024-05-14 01:46:30,972 WARNING StreamThr :2413359 [internal.py:is_dead():414] Internal process exiting, parent pid 2412897 disappeared
2024-05-14 01:46:30,972 ERROR   StreamThr :2413359 [internal.py:wandb_internal():152] Internal process shutdown.
2024-05-14 01:46:31,393 INFO    MainThread:2413359 [internal.py:handle_exit():76] Internal process exited
